{"/home/travis/build/npmtest/node-npmtest-chance/test.js":{"path":"/home/travis/build/npmtest/node-npmtest-chance/test.js","s":{"1":2,"2":2,"3":2,"4":2,"5":2,"6":2,"7":2,"8":1,"9":2,"10":2,"11":1,"12":1,"13":1,"14":1,"15":2,"16":2,"17":2,"18":2,"19":1,"20":1,"21":2,"22":2,"23":2,"24":1,"25":1,"26":1,"27":1,"28":1,"29":1,"30":1,"31":1,"32":1,"33":1,"34":1,"35":1,"36":1,"37":2,"38":2,"39":1,"40":2,"41":2,"42":1,"43":2,"44":2,"45":1,"46":2,"47":2,"48":1,"49":1,"50":1,"51":1,"52":1},"b":{"1":[2,1,1,1],"2":[1,1,1,1],"3":[1,1],"4":[1,1],"5":[1,1],"6":[1,1],"7":[1,1],"8":[1,1],"9":[1,1,1],"10":[1,1],"11":[1,1],"12":[1,1],"13":[1,1],"14":[1,1],"15":[1,1],"16":[1,1]},"f":{"1":2,"2":2,"3":2,"4":2,"5":2,"6":1,"7":1,"8":2,"9":2,"10":2,"11":2,"12":1},"fnMap":{"1":{"name":"(anonymous_1)","line":12,"loc":{"start":{"line":12,"column":1},"end":{"line":12,"column":13}}},"2":{"name":"(anonymous_2)","line":19,"loc":{"start":{"line":19,"column":5},"end":{"line":19,"column":17}}},"3":{"name":"(anonymous_3)","line":23,"loc":{"start":{"line":23,"column":24},"end":{"line":23,"column":36}}},"4":{"name":"(anonymous_4)","line":61,"loc":{"start":{"line":61,"column":5},"end":{"line":61,"column":17}}},"5":{"name":"(anonymous_5)","line":82,"loc":{"start":{"line":82,"column":5},"end":{"line":82,"column":17}}},"6":{"name":"(anonymous_6)","line":102,"loc":{"start":{"line":102,"column":83},"end":{"line":105,"column":10}},"skip":true},"7":{"name":"(anonymous_7)","line":113,"loc":{"start":{"line":113,"column":77},"end":{"line":116,"column":10}},"skip":true},"8":{"name":"(anonymous_8)","line":129,"loc":{"start":{"line":129,"column":12},"end":{"line":129,"column":40}},"skip":true},"9":{"name":"(anonymous_9)","line":137,"loc":{"start":{"line":137,"column":77},"end":{"line":140,"column":10}},"skip":true},"10":{"name":"(anonymous_10)","line":148,"loc":{"start":{"line":148,"column":83},"end":{"line":151,"column":10}},"skip":true},"11":{"name":"(anonymous_11)","line":159,"loc":{"start":{"line":159,"column":79},"end":{"line":162,"column":10}},"skip":true},"12":{"name":"(anonymous_12)","line":170,"loc":{"start":{"line":170,"column":75},"end":{"line":173,"column":10}},"skip":true}},"statementMap":{"1":{"start":{"line":12,"column":0},"end":{"line":185,"column":5}},"2":{"start":{"line":14,"column":4},"end":{"line":14,"column":14}},"3":{"start":{"line":19,"column":4},"end":{"line":56,"column":9}},"4":{"start":{"line":21,"column":8},"end":{"line":21,"column":19}},"5":{"start":{"line":23,"column":8},"end":{"line":35,"column":13}},"6":{"start":{"line":24,"column":12},"end":{"line":34,"column":13}},"7":{"start":{"line":25,"column":16},"end":{"line":28,"column":30}},"8":{"start":{"line":30,"column":16},"end":{"line":33,"column":27}},"9":{"start":{"line":37,"column":8},"end":{"line":39,"column":21}},"10":{"start":{"line":40,"column":8},"end":{"line":53,"column":9}},"11":{"start":{"line":43,"column":12},"end":{"line":46,"column":14}},"12":{"start":{"line":47,"column":12},"end":{"line":47,"column":18}},"13":{"start":{"line":50,"column":12},"end":{"line":51,"column":46}},"14":{"start":{"line":52,"column":12},"end":{"line":52,"column":18}},"15":{"start":{"line":55,"column":8},"end":{"line":55,"column":35}},"16":{"start":{"line":61,"column":4},"end":{"line":63,"column":9}},"17":{"start":{"line":62,"column":8},"end":{"line":62,"column":15}},"18":{"start":{"line":64,"column":4},"end":{"line":77,"column":5}},"19":{"start":{"line":70,"column":8},"end":{"line":70,"column":14}},"20":{"start":{"line":76,"column":8},"end":{"line":76,"column":14}},"21":{"start":{"line":82,"column":4},"end":{"line":84,"column":9}},"22":{"start":{"line":83,"column":8},"end":{"line":83,"column":15}},"23":{"start":{"line":85,"column":4},"end":{"line":184,"column":5}},"24":{"start":{"line":92,"column":8},"end":{"line":94,"column":63}},"25":{"start":{"line":95,"column":8},"end":{"line":95,"column":14}},"26":{"start":{"line":102,"column":8},"end":{"line":111,"column":10},"skip":true},"27":{"start":{"line":109,"column":12},"end":{"line":109,"column":55},"skip":true},"28":{"start":{"line":110,"column":12},"end":{"line":110,"column":48},"skip":true},"29":{"start":{"line":113,"column":8},"end":{"line":126,"column":10},"skip":true},"30":{"start":{"line":120,"column":12},"end":{"line":120,"column":76},"skip":true},"31":{"start":{"line":121,"column":12},"end":{"line":121,"column":73},"skip":true},"32":{"start":{"line":122,"column":12},"end":{"line":122,"column":74},"skip":true},"33":{"start":{"line":123,"column":12},"end":{"line":123,"column":79},"skip":true},"34":{"start":{"line":124,"column":12},"end":{"line":124,"column":25},"skip":true},"35":{"start":{"line":125,"column":12},"end":{"line":125,"column":45},"skip":true},"36":{"start":{"line":128,"column":8},"end":{"line":135,"column":14},"skip":true},"37":{"start":{"line":133,"column":16},"end":{"line":133,"column":29},"skip":true},"38":{"start":{"line":134,"column":16},"end":{"line":134,"column":55},"skip":true},"39":{"start":{"line":137,"column":8},"end":{"line":146,"column":10},"skip":true},"40":{"start":{"line":144,"column":12},"end":{"line":144,"column":25},"skip":true},"41":{"start":{"line":145,"column":12},"end":{"line":145,"column":45},"skip":true},"42":{"start":{"line":148,"column":8},"end":{"line":157,"column":10},"skip":true},"43":{"start":{"line":155,"column":12},"end":{"line":155,"column":25},"skip":true},"44":{"start":{"line":156,"column":12},"end":{"line":156,"column":48},"skip":true},"45":{"start":{"line":159,"column":8},"end":{"line":168,"column":10},"skip":true},"46":{"start":{"line":166,"column":12},"end":{"line":166,"column":25},"skip":true},"47":{"start":{"line":167,"column":12},"end":{"line":167,"column":46},"skip":true},"48":{"start":{"line":170,"column":8},"end":{"line":179,"column":10},"skip":true},"49":{"start":{"line":177,"column":12},"end":{"line":177,"column":94},"skip":true},"50":{"start":{"line":178,"column":12},"end":{"line":178,"column":48},"skip":true},"51":{"start":{"line":182,"column":8},"end":{"line":182,"column":35},"skip":true},"52":{"start":{"line":183,"column":8},"end":{"line":183,"column":14},"skip":true}},"branchMap":{"1":{"line":25,"type":"binary-expr","locations":[{"start":{"line":25,"column":23},"end":{"line":25,"column":62}},{"start":{"line":26,"column":20},"end":{"line":26,"column":70}},{"start":{"line":27,"column":20},"end":{"line":27,"column":71}},{"start":{"line":28,"column":20},"end":{"line":28,"column":29}}]},"2":{"line":30,"type":"binary-expr","locations":[{"start":{"line":30,"column":23},"end":{"line":30,"column":37}},{"start":{"line":31,"column":20},"end":{"line":31,"column":61}},{"start":{"line":32,"column":20},"end":{"line":32,"column":70}},{"start":{"line":33,"column":20},"end":{"line":33,"column":26}}]},"3":{"line":37,"type":"cond-expr","locations":[{"start":{"line":38,"column":14},"end":{"line":38,"column":20}},{"start":{"line":39,"column":14},"end":{"line":39,"column":20}}]},"4":{"line":40,"type":"switch","locations":[{"start":{"line":42,"column":8},"end":{"line":47,"column":18}},{"start":{"line":49,"column":8},"end":{"line":52,"column":18}}]},"5":{"line":44,"type":"binary-expr","locations":[{"start":{"line":44,"column":16},"end":{"line":44,"column":44}},{"start":{"line":44,"column":48},"end":{"line":44,"column":66}}]},"6":{"line":50,"type":"binary-expr","locations":[{"start":{"line":50,"column":21},"end":{"line":50,"column":49}},{"start":{"line":50,"column":53},"end":{"line":50,"column":72}}]},"7":{"line":64,"type":"switch","locations":[{"start":{"line":69,"column":4},"end":{"line":70,"column":14}},{"start":{"line":75,"column":4},"end":{"line":76,"column":14}}]},"8":{"line":85,"type":"switch","locations":[{"start":{"line":90,"column":4},"end":{"line":95,"column":14}},{"start":{"line":101,"column":4},"end":{"line":183,"column":14},"skip":true}]},"9":{"line":92,"type":"binary-expr","locations":[{"start":{"line":92,"column":18},"end":{"line":92,"column":32}},{"start":{"line":93,"column":12},"end":{"line":93,"column":53}},{"start":{"line":94,"column":12},"end":{"line":94,"column":61}}]},"10":{"line":102,"type":"binary-expr","locations":[{"start":{"line":102,"column":45},"end":{"line":102,"column":79},"skip":true},{"start":{"line":102,"column":83},"end":{"line":111,"column":9},"skip":true}]},"11":{"line":113,"type":"binary-expr","locations":[{"start":{"line":113,"column":42},"end":{"line":113,"column":73},"skip":true},{"start":{"line":113,"column":77},"end":{"line":126,"column":9},"skip":true}]},"12":{"line":128,"type":"binary-expr","locations":[{"start":{"line":128,"column":48},"end":{"line":128,"column":85},"skip":true},{"start":{"line":129,"column":12},"end":{"line":135,"column":13},"skip":true}]},"13":{"line":137,"type":"binary-expr","locations":[{"start":{"line":137,"column":42},"end":{"line":137,"column":73},"skip":true},{"start":{"line":137,"column":77},"end":{"line":146,"column":9},"skip":true}]},"14":{"line":148,"type":"binary-expr","locations":[{"start":{"line":148,"column":45},"end":{"line":148,"column":79},"skip":true},{"start":{"line":148,"column":83},"end":{"line":157,"column":9},"skip":true}]},"15":{"line":159,"type":"binary-expr","locations":[{"start":{"line":159,"column":43},"end":{"line":159,"column":75},"skip":true},{"start":{"line":159,"column":79},"end":{"line":168,"column":9},"skip":true}]},"16":{"line":170,"type":"binary-expr","locations":[{"start":{"line":170,"column":41},"end":{"line":170,"column":71},"skip":true},{"start":{"line":170,"column":75},"end":{"line":179,"column":9},"skip":true}]}},"code":["/* istanbul instrument in package npmtest_chance */","/*jslint","    bitwise: true,","    browser: true,","    maxerr: 8,","    maxlen: 96,","    node: true,","    nomen: true,","    regexp: true,","    stupid: true","*/","(function () {","    'use strict';","    var local;","","","","    // run shared js-env code - pre-init","    (function () {","        // init local","        local = {};","        // init modeJs","        local.modeJs = (function () {","            try {","                return typeof navigator.userAgent === 'string' &&","                    typeof document.querySelector('body') === 'object' &&","                    typeof XMLHttpRequest.prototype.open === 'function' &&","                    'browser';","            } catch (errorCaughtBrowser) {","                return module.exports &&","                    typeof process.versions.node === 'string' &&","                    typeof require('http').createServer === 'function' &&","                    'node';","            }","        }());","        // init global","        local.global = local.modeJs === 'browser'","            ? window","            : global;","        switch (local.modeJs) {","        // re-init local from window.local","        case 'browser':","            local = local.global.utility2.objectSetDefault(","                local.global.utility2_rollup || local.global.local,","                local.global.utility2","            );","            break;","        // re-init local from example.js","        case 'node':","            local = (local.global.utility2_rollup || require('utility2'))","                .requireExampleJsFromReadme();","            break;","        }","        // export local","        local.global.local = local;","    }());","","","","    // run shared js-env code - function","    (function () {","        return;","    }());","    switch (local.modeJs) {","","","","    // run browser js-env code - function","    case 'browser':","        break;","","","","    // run node js-env code - function","    case 'node':","        break;","    }","","","","    // run shared js-env code - post-init","    (function () {","        return;","    }());","    switch (local.modeJs) {","","","","    // run browser js-env code - post-init","    case 'browser':","        // run tests","        local.nop(local.modeTest &&","            document.querySelector('#testRunButton1') &&","            document.querySelector('#testRunButton1').click());","        break;","","","","    // run node js-env code - post-init","    /* istanbul ignore next */","    case 'node':","        local.testCase_buildApidoc_default = local.testCase_buildApidoc_default || function (","            options,","            onError","        ) {","        /*","         * this function will test buildApidoc's default handling-behavior-behavior","         */","            options = { modulePathList: module.paths };","            local.buildApidoc(options, onError);","        };","","        local.testCase_buildApp_default = local.testCase_buildApp_default || function (","            options,","            onError","        ) {","        /*","         * this function will test buildApp's default handling-behavior-behavior","         */","            local.testCase_buildReadme_default(options, local.onErrorThrow);","            local.testCase_buildLib_default(options, local.onErrorThrow);","            local.testCase_buildTest_default(options, local.onErrorThrow);","            local.testCase_buildCustomOrg_default(options, local.onErrorThrow);","            options = [];","            local.buildApp(options, onError);","        };","","        local.testCase_buildCustomOrg_default = local.testCase_buildCustomOrg_default ||","            function (options, onError) {","            /*","             * this function will test buildCustomOrg's default handling-behavior","             */","                options = {};","                local.buildCustomOrg(options, onError);","            };","","        local.testCase_buildLib_default = local.testCase_buildLib_default || function (","            options,","            onError","        ) {","        /*","         * this function will test buildLib's default handling-behavior","         */","            options = {};","            local.buildLib(options, onError);","        };","","        local.testCase_buildReadme_default = local.testCase_buildReadme_default || function (","            options,","            onError","        ) {","        /*","         * this function will test buildReadme's default handling-behavior-behavior","         */","            options = {};","            local.buildReadme(options, onError);","        };","","        local.testCase_buildTest_default = local.testCase_buildTest_default || function (","            options,","            onError","        ) {","        /*","         * this function will test buildTest's default handling-behavior","         */","            options = {};","            local.buildTest(options, onError);","        };","","        local.testCase_webpage_default = local.testCase_webpage_default || function (","            options,","            onError","        ) {","        /*","         * this function will test webpage's default handling-behavior","         */","            options = { modeCoverageMerge: true, url: local.serverLocalHost + '?modeTest=1' };","            local.browserTest(options, onError);","        };","","        // run test-server","        local.testRunServer(local);","        break;","    }","}());",""],"l":{"12":2,"14":2,"19":2,"21":2,"23":2,"24":2,"25":2,"30":1,"37":2,"40":2,"43":1,"47":1,"50":1,"52":1,"55":2,"61":2,"62":2,"64":2,"70":1,"76":1,"82":2,"83":2,"85":2,"92":1,"95":1,"102":1,"109":1,"110":1,"113":1,"120":1,"121":1,"122":1,"123":1,"124":1,"125":1,"128":1,"133":2,"134":2,"137":1,"144":2,"145":2,"148":1,"155":2,"156":2,"159":1,"166":2,"167":2,"170":1,"177":1,"178":1,"182":1,"183":1}},"/home/travis/build/npmtest/node-npmtest-chance/lib.npmtest_chance.js":{"path":"/home/travis/build/npmtest/node-npmtest-chance/lib.npmtest_chance.js","s":{"1":2,"2":2,"3":2,"4":2,"5":2,"6":2,"7":2,"8":1,"9":2,"10":2,"11":2,"12":2,"13":1,"14":1,"15":1,"16":1},"b":{"1":[2,1,1,1],"2":[1,1,1,1],"3":[1,1],"4":[2,2],"5":[1,1]},"f":{"1":2,"2":2,"3":2},"fnMap":{"1":{"name":"(anonymous_1)","line":12,"loc":{"start":{"line":12,"column":1},"end":{"line":12,"column":13}}},"2":{"name":"(anonymous_2)","line":19,"loc":{"start":{"line":19,"column":5},"end":{"line":19,"column":17}}},"3":{"name":"(anonymous_3)","line":23,"loc":{"start":{"line":23,"column":24},"end":{"line":23,"column":36}}}},"statementMap":{"1":{"start":{"line":12,"column":0},"end":{"line":53,"column":5}},"2":{"start":{"line":14,"column":4},"end":{"line":14,"column":14}},"3":{"start":{"line":19,"column":4},"end":{"line":52,"column":9}},"4":{"start":{"line":21,"column":8},"end":{"line":21,"column":19}},"5":{"start":{"line":23,"column":8},"end":{"line":35,"column":13}},"6":{"start":{"line":24,"column":12},"end":{"line":34,"column":13}},"7":{"start":{"line":25,"column":16},"end":{"line":28,"column":30}},"8":{"start":{"line":30,"column":16},"end":{"line":33,"column":27}},"9":{"start":{"line":37,"column":8},"end":{"line":39,"column":21}},"10":{"start":{"line":41,"column":8},"end":{"line":41,"column":54}},"11":{"start":{"line":43,"column":8},"end":{"line":43,"column":51}},"12":{"start":{"line":45,"column":8},"end":{"line":51,"column":9}},"13":{"start":{"line":46,"column":12},"end":{"line":46,"column":57}},"14":{"start":{"line":48,"column":12},"end":{"line":48,"column":35}},"15":{"start":{"line":49,"column":12},"end":{"line":49,"column":49}},"16":{"start":{"line":50,"column":12},"end":{"line":50,"column":43}}},"branchMap":{"1":{"line":25,"type":"binary-expr","locations":[{"start":{"line":25,"column":23},"end":{"line":25,"column":62}},{"start":{"line":26,"column":20},"end":{"line":26,"column":70}},{"start":{"line":27,"column":20},"end":{"line":27,"column":71}},{"start":{"line":28,"column":20},"end":{"line":28,"column":29}}]},"2":{"line":30,"type":"binary-expr","locations":[{"start":{"line":30,"column":23},"end":{"line":30,"column":37}},{"start":{"line":31,"column":20},"end":{"line":31,"column":61}},{"start":{"line":32,"column":20},"end":{"line":32,"column":70}},{"start":{"line":33,"column":20},"end":{"line":33,"column":26}}]},"3":{"line":37,"type":"cond-expr","locations":[{"start":{"line":38,"column":14},"end":{"line":38,"column":20}},{"start":{"line":39,"column":14},"end":{"line":39,"column":20}}]},"4":{"line":41,"type":"binary-expr","locations":[{"start":{"line":41,"column":16},"end":{"line":41,"column":44}},{"start":{"line":41,"column":48},"end":{"line":41,"column":53}}]},"5":{"line":45,"type":"if","locations":[{"start":{"line":45,"column":8},"end":{"line":45,"column":8}},{"start":{"line":45,"column":8},"end":{"line":45,"column":8}}]}},"code":["/* istanbul instrument in package npmtest_chance */","/*jslint","    bitwise: true,","    browser: true,","    maxerr: 8,","    maxlen: 96,","    node: true,","    nomen: true,","    regexp: true,","    stupid: true","*/","(function () {","    'use strict';","    var local;","","","","    // run shared js-env code - pre-init","    (function () {","        // init local","        local = {};","        // init modeJs","        local.modeJs = (function () {","            try {","                return typeof navigator.userAgent === 'string' &&","                    typeof document.querySelector('body') === 'object' &&","                    typeof XMLHttpRequest.prototype.open === 'function' &&","                    'browser';","            } catch (errorCaughtBrowser) {","                return module.exports &&","                    typeof process.versions.node === 'string' &&","                    typeof require('http').createServer === 'function' &&","                    'node';","            }","        }());","        // init global","        local.global = local.modeJs === 'browser'","            ? window","            : global;","        // init utility2_rollup","        local = local.global.utility2_rollup || local;","        // init lib","        local.local = local.npmtest_chance = local;","        // init exports","        if (local.modeJs === 'browser') {","            local.global.utility2_npmtest_chance = local;","        } else {","            module.exports = local;","            module.exports.__dirname = __dirname;","            module.exports.module = module;","        }","    }());","}());",""],"l":{"12":2,"14":2,"19":2,"21":2,"23":2,"24":2,"25":2,"30":1,"37":2,"41":2,"43":2,"45":2,"46":1,"48":1,"49":1,"50":1}},"/home/travis/build/npmtest/node-npmtest-chance/example.js":{"path":"/home/travis/build/npmtest/node-npmtest-chance/example.js","s":{"1":2,"2":2,"3":2,"4":2,"5":2,"6":2,"7":2,"8":1,"9":2,"10":2,"11":2,"12":2,"13":1,"14":2,"15":2,"16":2,"17":2,"18":2,"19":0,"20":2,"21":1,"22":1,"23":1,"24":1,"25":1,"26":0,"27":0,"28":1,"29":1,"30":2,"31":0,"32":0,"33":0,"34":1,"35":2,"36":2,"37":2,"38":2,"39":2,"40":2,"41":0,"42":2,"43":2,"44":2,"45":1,"46":3,"47":1,"48":1,"49":1,"50":1,"51":1,"52":1,"53":1,"54":1,"55":1,"56":1,"57":0,"58":1,"59":6,"60":6,"61":1,"62":2,"63":0,"64":2,"65":1,"66":1,"67":0,"68":0,"69":0,"70":0,"71":0,"72":0,"73":0,"74":0,"75":0,"76":0,"77":0,"78":0,"79":0,"80":0,"81":0,"82":0,"83":0},"b":{"1":[2,1,1,1],"2":[1,1,1,1],"3":[1,1],"4":[2,2],"5":[1,1],"6":[1,1],"7":[2,0],"8":[2,1,1,1,1,1],"9":[0,2,0],"10":[1,1],"11":[2,1,1],"12":[1,0],"13":[0,2],"14":[2,0,0,0,0,0,0],"15":[0,2],"16":[2,0],"17":[1,1],"18":[0,1],"19":[1,2,0,2],"20":[1,0],"21":[1,1],"22":[0,0],"23":[0,0],"24":[0,0],"25":[0,0],"26":[0,0],"27":[0,0],"28":[0,0]},"f":{"1":2,"2":2,"3":2,"4":2,"5":2,"6":2,"7":2,"8":2,"9":3,"10":1,"11":6,"12":0},"fnMap":{"1":{"name":"(anonymous_1)","line":26,"loc":{"start":{"line":26,"column":1},"end":{"line":26,"column":13}}},"2":{"name":"(anonymous_2)","line":33,"loc":{"start":{"line":33,"column":5},"end":{"line":33,"column":17}}},"3":{"name":"(anonymous_3)","line":37,"loc":{"start":{"line":37,"column":24},"end":{"line":37,"column":36}}},"4":{"name":"(anonymous_4)","line":69,"loc":{"start":{"line":69,"column":31},"end":{"line":69,"column":48}},"skip":true},"5":{"name":"(anonymous_5)","line":78,"loc":{"start":{"line":78,"column":26},"end":{"line":78,"column":45}},"skip":true},"6":{"name":"(anonymous_6)","line":123,"loc":{"start":{"line":123,"column":33},"end":{"line":123,"column":48}},"skip":true},"7":{"name":"(anonymous_7)","line":125,"loc":{"start":{"line":125,"column":27},"end":{"line":125,"column":39}},"skip":true},"8":{"name":"(anonymous_8)","line":133,"loc":{"start":{"line":133,"column":59},"end":{"line":133,"column":74}},"skip":true},"9":{"name":"(anonymous_9)","line":143,"loc":{"start":{"line":143,"column":45},"end":{"line":143,"column":62}},"skip":true},"10":{"name":"(anonymous_10)","line":144,"loc":{"start":{"line":144,"column":73},"end":{"line":144,"column":92}},"skip":true},"11":{"name":"(anonymous_11)","line":272,"loc":{"start":{"line":272,"column":51},"end":{"line":272,"column":77}},"skip":true},"12":{"name":"(anonymous_12)","line":314,"loc":{"start":{"line":314,"column":32},"end":{"line":314,"column":61}},"skip":true}},"statementMap":{"1":{"start":{"line":26,"column":0},"end":{"line":325,"column":5}},"2":{"start":{"line":28,"column":4},"end":{"line":28,"column":14}},"3":{"start":{"line":33,"column":4},"end":{"line":60,"column":9}},"4":{"start":{"line":35,"column":8},"end":{"line":35,"column":19}},"5":{"start":{"line":37,"column":8},"end":{"line":49,"column":13}},"6":{"start":{"line":38,"column":12},"end":{"line":48,"column":13}},"7":{"start":{"line":39,"column":16},"end":{"line":42,"column":30}},"8":{"start":{"line":44,"column":16},"end":{"line":47,"column":27}},"9":{"start":{"line":51,"column":8},"end":{"line":53,"column":21}},"10":{"start":{"line":55,"column":8},"end":{"line":57,"column":45}},"11":{"start":{"line":59,"column":8},"end":{"line":59,"column":35}},"12":{"start":{"line":61,"column":4},"end":{"line":324,"column":5}},"13":{"start":{"line":69,"column":8},"end":{"line":121,"column":10},"skip":true},"14":{"start":{"line":70,"column":12},"end":{"line":88,"column":13},"skip":true},"15":{"start":{"line":76,"column":16},"end":{"line":87,"column":19},"skip":true},"16":{"start":{"line":79,"column":20},"end":{"line":86,"column":21},"skip":true},"17":{"start":{"line":82,"column":24},"end":{"line":82,"column":43},"skip":true},"18":{"start":{"line":83,"column":24},"end":{"line":83,"column":30},"skip":true},"19":{"start":{"line":85,"column":24},"end":{"line":85,"column":49},"skip":true},"20":{"start":{"line":89,"column":12},"end":{"line":107,"column":13},"skip":true},"21":{"start":{"line":92,"column":16},"end":{"line":102,"column":17},"skip":true},"22":{"start":{"line":93,"column":20},"end":{"line":93,"column":86},"skip":true},"23":{"start":{"line":94,"column":20},"end":{"line":95,"column":45},"skip":true},"24":{"start":{"line":96,"column":20},"end":{"line":96,"column":42},"skip":true},"25":{"start":{"line":97,"column":20},"end":{"line":97,"column":48},"skip":true},"26":{"start":{"line":100,"column":20},"end":{"line":100,"column":85},"skip":true},"27":{"start":{"line":101,"column":20},"end":{"line":101,"column":96},"skip":true},"28":{"start":{"line":103,"column":16},"end":{"line":103,"column":22},"skip":true},"29":{"start":{"line":106,"column":16},"end":{"line":106,"column":22},"skip":true},"30":{"start":{"line":108,"column":12},"end":{"line":120,"column":13},"skip":true},"31":{"start":{"line":114,"column":16},"end":{"line":119,"column":17},"skip":true},"32":{"start":{"line":116,"column":20},"end":{"line":116,"column":78},"skip":true},"33":{"start":{"line":118,"column":20},"end":{"line":118,"column":47},"skip":true},"34":{"start":{"line":123,"column":8},"end":{"line":141,"column":11},"skip":true},"35":{"start":{"line":124,"column":12},"end":{"line":124,"column":54},"skip":true},"36":{"start":{"line":125,"column":12},"end":{"line":140,"column":14},"skip":true},"37":{"start":{"line":126,"column":16},"end":{"line":126,"column":28},"skip":true},"38":{"start":{"line":127,"column":16},"end":{"line":127,"column":69},"skip":true},"39":{"start":{"line":128,"column":16},"end":{"line":128,"column":75},"skip":true},"40":{"start":{"line":129,"column":16},"end":{"line":131,"column":17},"skip":true},"41":{"start":{"line":130,"column":20},"end":{"line":130,"column":27},"skip":true},"42":{"start":{"line":133,"column":16},"end":{"line":137,"column":36},"skip":true},"43":{"start":{"line":134,"column":20},"end":{"line":136,"column":55},"skip":true},"44":{"start":{"line":139,"column":16},"end":{"line":139,"column":57},"skip":true},"45":{"start":{"line":143,"column":8},"end":{"line":147,"column":11},"skip":true},"46":{"start":{"line":144,"column":12},"end":{"line":146,"column":15},"skip":true},"47":{"start":{"line":145,"column":16},"end":{"line":145,"column":70},"skip":true},"48":{"start":{"line":149,"column":8},"end":{"line":149,"column":31},"skip":true},"49":{"start":{"line":150,"column":8},"end":{"line":150,"column":14},"skip":true},"50":{"start":{"line":158,"column":8},"end":{"line":158,"column":31},"skip":true},"51":{"start":{"line":160,"column":8},"end":{"line":160,"column":33},"skip":true},"52":{"start":{"line":161,"column":8},"end":{"line":161,"column":37},"skip":true},"53":{"start":{"line":162,"column":8},"end":{"line":162,"column":35},"skip":true},"54":{"start":{"line":164,"column":8},"end":{"line":164,"column":50},"skip":true},"55":{"start":{"line":166,"column":8},"end":{"line":256,"column":2},"skip":true},"56":{"start":{"line":258,"column":8},"end":{"line":286,"column":9},"skip":true},"57":{"start":{"line":259,"column":12},"end":{"line":269,"column":14},"skip":true},"58":{"start":{"line":271,"column":12},"end":{"line":285,"column":19},"skip":true},"59":{"start":{"line":274,"column":20},"end":{"line":274,"column":35},"skip":true},"60":{"start":{"line":275,"column":20},"end":{"line":284,"column":21},"skip":true},"61":{"start":{"line":277,"column":24},"end":{"line":277,"column":64},"skip":true},"62":{"start":{"line":279,"column":24},"end":{"line":279,"column":40},"skip":true},"63":{"start":{"line":281,"column":24},"end":{"line":281,"column":40},"skip":true},"64":{"start":{"line":283,"column":24},"end":{"line":283,"column":39},"skip":true},"65":{"start":{"line":288,"column":8},"end":{"line":290,"column":9},"skip":true},"66":{"start":{"line":289,"column":12},"end":{"line":289,"column":18},"skip":true},"67":{"start":{"line":291,"column":8},"end":{"line":293,"column":54},"skip":true},"68":{"start":{"line":294,"column":8},"end":{"line":301,"column":37},"skip":true},"69":{"start":{"line":302,"column":8},"end":{"line":302,"column":82},"skip":true},"70":{"start":{"line":305,"column":8},"end":{"line":307,"column":9},"skip":true},"71":{"start":{"line":306,"column":12},"end":{"line":306,"column":82},"skip":true},"72":{"start":{"line":309,"column":8},"end":{"line":311,"column":9},"skip":true},"73":{"start":{"line":310,"column":12},"end":{"line":310,"column":18},"skip":true},"74":{"start":{"line":312,"column":8},"end":{"line":312,"column":54},"skip":true},"75":{"start":{"line":313,"column":8},"end":{"line":313,"column":69},"skip":true},"76":{"start":{"line":314,"column":8},"end":{"line":322,"column":36},"skip":true},"77":{"start":{"line":315,"column":12},"end":{"line":315,"column":61},"skip":true},"78":{"start":{"line":316,"column":12},"end":{"line":319,"column":13},"skip":true},"79":{"start":{"line":317,"column":16},"end":{"line":317,"column":75},"skip":true},"80":{"start":{"line":318,"column":16},"end":{"line":318,"column":23},"skip":true},"81":{"start":{"line":320,"column":12},"end":{"line":320,"column":38},"skip":true},"82":{"start":{"line":321,"column":12},"end":{"line":321,"column":27},"skip":true},"83":{"start":{"line":323,"column":8},"end":{"line":323,"column":14},"skip":true}},"branchMap":{"1":{"line":39,"type":"binary-expr","locations":[{"start":{"line":39,"column":23},"end":{"line":39,"column":62}},{"start":{"line":40,"column":20},"end":{"line":40,"column":70}},{"start":{"line":41,"column":20},"end":{"line":41,"column":71}},{"start":{"line":42,"column":20},"end":{"line":42,"column":29}}]},"2":{"line":44,"type":"binary-expr","locations":[{"start":{"line":44,"column":23},"end":{"line":44,"column":37}},{"start":{"line":45,"column":20},"end":{"line":45,"column":61}},{"start":{"line":46,"column":20},"end":{"line":46,"column":70}},{"start":{"line":47,"column":20},"end":{"line":47,"column":26}}]},"3":{"line":51,"type":"cond-expr","locations":[{"start":{"line":52,"column":14},"end":{"line":52,"column":20}},{"start":{"line":53,"column":14},"end":{"line":53,"column":20}}]},"4":{"line":55,"type":"binary-expr","locations":[{"start":{"line":55,"column":16},"end":{"line":55,"column":44}},{"start":{"line":55,"column":49},"end":{"line":57,"column":43}}]},"5":{"line":55,"type":"cond-expr","locations":[{"start":{"line":56,"column":14},"end":{"line":56,"column":50}},{"start":{"line":57,"column":14},"end":{"line":57,"column":43}}]},"6":{"line":61,"type":"switch","locations":[{"start":{"line":68,"column":4},"end":{"line":150,"column":14},"skip":true},{"start":{"line":156,"column":4},"end":{"line":323,"column":14},"skip":true}]},"7":{"line":70,"type":"if","locations":[{"start":{"line":70,"column":12},"end":{"line":70,"column":12},"skip":true},{"start":{"line":70,"column":12},"end":{"line":70,"column":12},"skip":true}]},"8":{"line":70,"type":"binary-expr","locations":[{"start":{"line":70,"column":16},"end":{"line":70,"column":22},"skip":true},{"start":{"line":70,"column":27},"end":{"line":70,"column":32},"skip":true},{"start":{"line":71,"column":20},"end":{"line":71,"column":39},"skip":true},{"start":{"line":72,"column":20},"end":{"line":72,"column":49},"skip":true},{"start":{"line":73,"column":20},"end":{"line":73,"column":58},"skip":true},{"start":{"line":74,"column":20},"end":{"line":74,"column":69},"skip":true}]},"9":{"line":79,"type":"switch","locations":[{"start":{"line":80,"column":20},"end":{"line":80,"column":33},"skip":true},{"start":{"line":81,"column":20},"end":{"line":83,"column":30},"skip":true},{"start":{"line":84,"column":20},"end":{"line":85,"column":49},"skip":true}]},"10":{"line":89,"type":"switch","locations":[{"start":{"line":90,"column":12},"end":{"line":103,"column":22},"skip":true},{"start":{"line":105,"column":12},"end":{"line":106,"column":22},"skip":true}]},"11":{"line":89,"type":"binary-expr","locations":[{"start":{"line":89,"column":20},"end":{"line":89,"column":25},"skip":true},{"start":{"line":89,"column":29},"end":{"line":89,"column":48},"skip":true},{"start":{"line":89,"column":52},"end":{"line":89,"column":74},"skip":true}]},"12":{"line":92,"type":"if","locations":[{"start":{"line":92,"column":16},"end":{"line":92,"column":16},"skip":true},{"start":{"line":92,"column":16},"end":{"line":92,"column":16},"skip":true}]},"13":{"line":108,"type":"if","locations":[{"start":{"line":108,"column":12},"end":{"line":108,"column":12},"skip":true},{"start":{"line":108,"column":12},"end":{"line":108,"column":12},"skip":true}]},"14":{"line":108,"type":"binary-expr","locations":[{"start":{"line":108,"column":16},"end":{"line":108,"column":61},"skip":true},{"start":{"line":108,"column":66},"end":{"line":108,"column":72},"skip":true},{"start":{"line":108,"column":77},"end":{"line":108,"column":82},"skip":true},{"start":{"line":109,"column":20},"end":{"line":109,"column":39},"skip":true},{"start":{"line":110,"column":20},"end":{"line":110,"column":49},"skip":true},{"start":{"line":111,"column":20},"end":{"line":111,"column":58},"skip":true},{"start":{"line":112,"column":20},"end":{"line":112,"column":68},"skip":true}]},"15":{"line":129,"type":"if","locations":[{"start":{"line":129,"column":16},"end":{"line":129,"column":16},"skip":true},{"start":{"line":129,"column":16},"end":{"line":129,"column":16},"skip":true}]},"16":{"line":134,"type":"cond-expr","locations":[{"start":{"line":135,"column":26},"end":{"line":135,"column":29},"skip":true},{"start":{"line":136,"column":26},"end":{"line":136,"column":54},"skip":true}]},"17":{"line":164,"type":"binary-expr","locations":[{"start":{"line":164,"column":27},"end":{"line":164,"column":43},"skip":true},{"start":{"line":164,"column":47},"end":{"line":164,"column":49},"skip":true}]},"18":{"line":258,"type":"if","locations":[{"start":{"line":258,"column":8},"end":{"line":258,"column":8},"skip":true},{"start":{"line":258,"column":8},"end":{"line":258,"column":8},"skip":true}]},"19":{"line":275,"type":"switch","locations":[{"start":{"line":276,"column":20},"end":{"line":277,"column":64},"skip":true},{"start":{"line":278,"column":20},"end":{"line":279,"column":40},"skip":true},{"start":{"line":280,"column":20},"end":{"line":281,"column":40},"skip":true},{"start":{"line":282,"column":20},"end":{"line":283,"column":39},"skip":true}]},"20":{"line":288,"type":"if","locations":[{"start":{"line":288,"column":8},"end":{"line":288,"column":8},"skip":true},{"start":{"line":288,"column":8},"end":{"line":288,"column":8},"skip":true}]},"21":{"line":288,"type":"binary-expr","locations":[{"start":{"line":288,"column":12},"end":{"line":288,"column":40},"skip":true},{"start":{"line":288,"column":44},"end":{"line":288,"column":67},"skip":true}]},"22":{"line":292,"type":"binary-expr","locations":[{"start":{"line":292,"column":12},"end":{"line":292,"column":50},"skip":true},{"start":{"line":293,"column":12},"end":{"line":293,"column":53},"skip":true}]},"23":{"line":295,"type":"binary-expr","locations":[{"start":{"line":295,"column":12},"end":{"line":295,"column":64},"skip":true},{"start":{"line":296,"column":12},"end":{"line":301,"column":36},"skip":true}]},"24":{"line":302,"type":"binary-expr","locations":[{"start":{"line":302,"column":43},"end":{"line":302,"column":75},"skip":true},{"start":{"line":302,"column":79},"end":{"line":302,"column":81},"skip":true}]},"25":{"line":305,"type":"if","locations":[{"start":{"line":305,"column":8},"end":{"line":305,"column":8},"skip":true},{"start":{"line":305,"column":8},"end":{"line":305,"column":8},"skip":true}]},"26":{"line":309,"type":"if","locations":[{"start":{"line":309,"column":8},"end":{"line":309,"column":8},"skip":true},{"start":{"line":309,"column":8},"end":{"line":309,"column":8},"skip":true}]},"27":{"line":312,"type":"binary-expr","locations":[{"start":{"line":312,"column":27},"end":{"line":312,"column":43},"skip":true},{"start":{"line":312,"column":47},"end":{"line":312,"column":53},"skip":true}]},"28":{"line":316,"type":"if","locations":[{"start":{"line":316,"column":12},"end":{"line":316,"column":12},"skip":true},{"start":{"line":316,"column":12},"end":{"line":316,"column":12},"skip":true}]}},"code":["/*","example.js","","quickstart example","","instruction","    1. save this script as example.js","    2. run the shell command:","        $ npm install npmtest-chance && PORT=8081 node example.js","    3. play with the browser-demo on http://127.0.0.1:8081","*/","","","","/* istanbul instrument in package npmtest_chance */","/*jslint","    bitwise: true,","    browser: true,","    maxerr: 8,","    maxlen: 96,","    node: true,","    nomen: true,","    regexp: true,","    stupid: true","*/","(function () {","    'use strict';","    var local;","","","","    // run shared js-env code - pre-init","    (function () {","        // init local","        local = {};","        // init modeJs","        local.modeJs = (function () {","            try {","                return typeof navigator.userAgent === 'string' &&","                    typeof document.querySelector('body') === 'object' &&","                    typeof XMLHttpRequest.prototype.open === 'function' &&","                    'browser';","            } catch (errorCaughtBrowser) {","                return module.exports &&","                    typeof process.versions.node === 'string' &&","                    typeof require('http').createServer === 'function' &&","                    'node';","            }","        }());","        // init global","        local.global = local.modeJs === 'browser'","            ? window","            : global;","        // init utility2_rollup","        local = local.global.utility2_rollup || (local.modeJs === 'browser'","            ? local.global.utility2_npmtest_chance","            : global.utility2_moduleExports);","        // export local","        local.global.local = local;","    }());","    switch (local.modeJs) {","","","","    // post-init","    // run browser js-env code - post-init","    /* istanbul ignore next */","    case 'browser':","        local.testRunBrowser = function (event) {","            if (!event || (event &&","                    event.currentTarget &&","                    event.currentTarget.className &&","                    event.currentTarget.className.includes &&","                    event.currentTarget.className.includes('onreset'))) {","                // reset output","                Array.from(","                    document.querySelectorAll('body > .resettable')","                ).forEach(function (element) {","                    switch (element.tagName) {","                    case 'INPUT':","                    case 'TEXTAREA':","                        element.value = '';","                        break;","                    default:","                        element.textContent = '';","                    }","                });","            }","            switch (event && event.currentTarget && event.currentTarget.id) {","            case 'testRunButton1':","                // show tests","                if (document.querySelector('#testReportDiv1').style.display === 'none') {","                    document.querySelector('#testReportDiv1').style.display = 'block';","                    document.querySelector('#testRunButton1').textContent =","                        'hide internal test';","                    local.modeTest = true;","                    local.testRunDefault(local);","                // hide tests","                } else {","                    document.querySelector('#testReportDiv1').style.display = 'none';","                    document.querySelector('#testRunButton1').textContent = 'run internal test';","                }","                break;","            // custom-case","            default:","                break;","            }","            if (document.querySelector('#inputTextareaEval1') && (!event || (event &&","                    event.currentTarget &&","                    event.currentTarget.className &&","                    event.currentTarget.className.includes &&","                    event.currentTarget.className.includes('oneval')))) {","                // try to eval input-code","                try {","                    /*jslint evil: true*/","                    eval(document.querySelector('#inputTextareaEval1').value);","                } catch (errorCaught) {","                    console.error(errorCaught);","                }","            }","        };","        // log stderr and stdout to #outputTextareaStdout1","        ['error', 'log'].forEach(function (key) {","            console[key + '_original'] = console[key];","            console[key] = function () {","                var element;","                console[key + '_original'].apply(console, arguments);","                element = document.querySelector('#outputTextareaStdout1');","                if (!element) {","                    return;","                }","                // append text to #outputTextareaStdout1","                element.value += Array.from(arguments).map(function (arg) {","                    return typeof arg === 'string'","                        ? arg","                        : JSON.stringify(arg, null, 4);","                }).join(' ') + '\\n';","                // scroll textarea to bottom","                element.scrollTop = element.scrollHeight;","            };","        });","        // init event-handling","        ['change', 'click', 'keyup'].forEach(function (event) {","            Array.from(document.querySelectorAll('.on' + event)).forEach(function (element) {","                element.addEventListener(event, local.testRunBrowser);","            });","        });","        // run tests","        local.testRunBrowser();","        break;","","","","    // run node js-env code - post-init","    /* istanbul ignore next */","    case 'node':","        // export local","        module.exports = local;","        // require modules","        local.fs = require('fs');","        local.http = require('http');","        local.url = require('url');","        // init assets","        local.assetsDict = local.assetsDict || {};","        /* jslint-ignore-begin */","        local.assetsDict['/assets.index.template.html'] = '\\","<!doctype html>\\n\\","<html lang=\"en\">\\n\\","<head>\\n\\","<meta charset=\"UTF-8\">\\n\\","<meta name=\"viewport\" content=\"width=device-width, initial-scale=1\">\\n\\","<title>{{env.npm_package_name}} (v{{env.npm_package_version}})</title>\\n\\","<style>\\n\\","/*csslint\\n\\","    box-sizing: false,\\n\\","    universal-selector: false\\n\\","*/\\n\\","* {\\n\\","    box-sizing: border-box;\\n\\","}\\n\\","body {\\n\\","    background: #dde;\\n\\","    font-family: Arial, Helvetica, sans-serif;\\n\\","    margin: 2rem;\\n\\","}\\n\\","body > * {\\n\\","    margin-bottom: 1rem;\\n\\","}\\n\\",".utility2FooterDiv {\\n\\","    margin-top: 20px;\\n\\","    text-align: center;\\n\\","}\\n\\","</style>\\n\\","<style>\\n\\","/*csslint\\n\\","*/\\n\\","textarea {\\n\\","    font-family: monospace;\\n\\","    height: 10rem;\\n\\","    width: 100%;\\n\\","}\\n\\","textarea[readonly] {\\n\\","    background: #ddd;\\n\\","}\\n\\","</style>\\n\\","</head>\\n\\","<body>\\n\\","<!-- utility2-comment\\n\\","<div id=\"ajaxProgressDiv1\" style=\"background: #d00; height: 2px; left: 0; margin: 0; padding: 0; position: fixed; top: 0; transition: background 0.5s, width 1.5s; width: 25%;\"></div>\\n\\","utility2-comment -->\\n\\","<h1>\\n\\","<!-- utility2-comment\\n\\","    <a\\n\\","        {{#if env.npm_package_homepage}}\\n\\","        href=\"{{env.npm_package_homepage}}\"\\n\\","        {{/if env.npm_package_homepage}}\\n\\","        target=\"_blank\"\\n\\","    >\\n\\","utility2-comment -->\\n\\","        {{env.npm_package_name}} (v{{env.npm_package_version}})\\n\\","<!-- utility2-comment\\n\\","    </a>\\n\\","utility2-comment -->\\n\\","</h1>\\n\\","<h3>{{env.npm_package_description}}</h3>\\n\\","<!-- utility2-comment\\n\\","<h4><a download href=\"assets.app.js\">download standalone app</a></h4>\\n\\","<button class=\"onclick onreset\" id=\"testRunButton1\">run internal test</button><br>\\n\\","<div id=\"testReportDiv1\" style=\"display: none;\"></div>\\n\\","utility2-comment -->\\n\\","\\n\\","\\n\\","\\n\\","<label>stderr and stdout</label>\\n\\","<textarea class=\"resettable\" id=\"outputTextareaStdout1\" readonly></textarea>\\n\\","<!-- utility2-comment\\n\\","{{#if isRollup}}\\n\\","<script src=\"assets.app.js\"></script>\\n\\","{{#unless isRollup}}\\n\\","utility2-comment -->\\n\\","<script src=\"assets.utility2.rollup.js\"></script>\\n\\","<script src=\"jsonp.utility2._stateInit?callback=window.utility2._stateInit\"></script>\\n\\","<script src=\"assets.npmtest_chance.rollup.js\"></script>\\n\\","<script src=\"assets.example.js\"></script>\\n\\","<script src=\"assets.test.js\"></script>\\n\\","<!-- utility2-comment\\n\\","{{/if isRollup}}\\n\\","utility2-comment -->\\n\\","<div class=\"utility2FooterDiv\">\\n\\","    [ this app was created with\\n\\","    <a href=\"https://github.com/kaizhu256/node-utility2\" target=\"_blank\">utility2</a>\\n\\","    ]\\n\\","</div>\\n\\","</body>\\n\\","</html>\\n\\","';","        /* jslint-ignore-end */","        if (local.templateRender) {","            local.assetsDict['/'] = local.templateRender(","                local.assetsDict['/assets.index.template.html'],","                {","                    env: local.objectSetDefault(local.env, {","                        npm_package_description: 'the greatest app in the world!',","                        npm_package_name: 'my-app',","                        npm_package_nameAlias: 'my_app',","                        npm_package_version: '0.0.1'","                    })","                }","            );","        } else {","            local.assetsDict['/'] = local.assetsDict['/assets.index.template.html']","                .replace((/\\{\\{env\\.(\\w+?)\\}\\}/g), function (match0, match1) {","                    // jslint-hack","                    String(match0);","                    switch (match1) {","                    case 'npm_package_description':","                        return 'the greatest app in the world!';","                    case 'npm_package_name':","                        return 'my-app';","                    case 'npm_package_nameAlias':","                        return 'my_app';","                    case 'npm_package_version':","                        return '0.0.1';","                    }","                });","        }","        // run the cli","        if (local.global.utility2_rollup || module !== require.main) {","            break;","        }","        local.assetsDict['/assets.example.js'] =","            local.assetsDict['/assets.example.js'] ||","            local.fs.readFileSync(__filename, 'utf8');","        local.assetsDict['/assets.npmtest_chance.rollup.js'] =","            local.assetsDict['/assets.npmtest_chance.rollup.js'] ||","            local.fs.readFileSync(","                // buildCustomOrg-hack","                local.npmtest_chance.__dirname +","                    '/lib.npmtest_chance.js',","                'utf8'","            ).replace((/^#!/), '//');","        local.assetsDict['/favicon.ico'] = local.assetsDict['/favicon.ico'] || '';","        // if $npm_config_timeout_exit exists,","        // then exit this process after $npm_config_timeout_exit ms","        if (Number(process.env.npm_config_timeout_exit)) {","            setTimeout(process.exit, Number(process.env.npm_config_timeout_exit));","        }","        // start server","        if (local.global.utility2_serverHttp1) {","            break;","        }","        process.env.PORT = process.env.PORT || '8081';","        console.error('server starting on port ' + process.env.PORT);","        local.http.createServer(function (request, response) {","            request.urlParsed = local.url.parse(request.url);","            if (local.assetsDict[request.urlParsed.pathname] !== undefined) {","                response.end(local.assetsDict[request.urlParsed.pathname]);","                return;","            }","            response.statusCode = 404;","            response.end();","        }).listen(process.env.PORT);","        break;","    }","}());",""],"l":{"26":2,"28":2,"33":2,"35":2,"37":2,"38":2,"39":2,"44":1,"51":2,"55":2,"59":2,"61":2,"69":1,"70":2,"76":2,"79":2,"82":2,"83":2,"85":1,"89":2,"92":1,"93":1,"94":1,"96":1,"97":1,"100":1,"101":1,"103":1,"106":1,"108":2,"114":1,"116":1,"118":1,"123":1,"124":2,"125":2,"126":2,"127":2,"128":2,"129":2,"130":1,"133":2,"134":2,"139":2,"143":1,"144":3,"145":1,"149":1,"150":1,"158":1,"160":1,"161":1,"162":1,"164":1,"166":1,"258":1,"259":1,"271":1,"274":6,"275":6,"277":1,"279":2,"281":1,"283":2,"288":1,"289":1,"291":1,"294":1,"302":1,"305":1,"306":1,"309":1,"310":1,"312":1,"313":1,"314":1,"315":1,"316":1,"317":1,"318":1,"320":1,"321":1,"323":1}},"/home/travis/build/npmtest/node-npmtest-chance/node_modules/chance/chance.js":{"path":"/home/travis/build/npmtest/node-npmtest-chance/node_modules/chance/chance.js","s":{"1":1,"2":1,"3":1,"4":1,"5":1,"6":1,"7":1,"8":1,"9":1,"10":0,"11":0,"12":0,"13":0,"14":0,"15":0,"16":0,"17":0,"18":0,"19":0,"20":0,"21":0,"22":0,"23":0,"24":0,"25":0,"26":0,"27":0,"28":0,"29":0,"30":0,"31":0,"32":1,"33":1,"34":0,"35":0,"36":0,"37":0,"38":0,"39":0,"40":1,"41":0,"42":0,"43":1,"44":0,"45":1,"46":1,"47":0,"48":1,"49":1,"50":0,"51":1,"52":0,"53":0,"54":0,"55":1,"56":0,"57":0,"58":0,"59":0,"60":0,"61":0,"62":0,"63":0,"64":0,"65":0,"66":0,"67":0,"68":0,"69":0,"70":0,"71":0,"72":1,"73":0,"74":0,"75":0,"76":0,"77":0,"78":0,"79":0,"80":0,"81":0,"82":0,"83":0,"84":0,"85":1,"86":0,"87":0,"88":0,"89":1,"90":0,"91":0,"92":0,"93":1,"94":0,"95":0,"96":0,"97":0,"98":0,"99":0,"100":1,"101":0,"102":0,"103":0,"104":0,"105":1,"106":0,"107":1,"108":0,"109":0,"110":0,"111":1,"112":0,"113":0,"114":0,"115":0,"116":0,"117":0,"118":0,"119":0,"120":0,"121":0,"122":0,"123":0,"124":0,"125":0,"126":0,"127":1,"128":0,"129":0,"130":0,"131":0,"132":0,"133":0,"134":0,"135":0,"136":1,"137":0,"138":0,"139":0,"140":1,"141":0,"142":0,"143":0,"144":0,"145":0,"146":1,"147":0,"148":0,"149":0,"150":1,"151":0,"152":0,"153":0,"154":0,"155":0,"156":0,"157":0,"158":0,"159":0,"160":1,"161":0,"162":0,"163":0,"164":0,"165":0,"166":0,"167":1,"168":0,"169":0,"170":0,"171":0,"172":0,"173":0,"174":0,"175":0,"176":0,"177":0,"178":0,"179":0,"180":0,"181":0,"182":0,"183":0,"184":0,"185":0,"186":0,"187":0,"188":0,"189":0,"190":0,"191":0,"192":0,"193":0,"194":0,"195":0,"196":0,"197":0,"198":0,"199":0,"200":1,"201":0,"202":0,"203":0,"204":1,"205":0,"206":0,"207":0,"208":0,"209":0,"210":0,"211":0,"212":0,"213":0,"214":1,"215":0,"216":0,"217":0,"218":0,"219":0,"220":0,"221":0,"222":0,"223":0,"224":0,"225":0,"226":0,"227":1,"228":0,"229":0,"230":0,"231":0,"232":0,"233":0,"234":0,"235":0,"236":0,"237":0,"238":0,"239":0,"240":1,"241":0,"242":0,"243":0,"244":0,"245":0,"246":0,"247":0,"248":0,"249":0,"250":0,"251":0,"252":0,"253":0,"254":0,"255":0,"256":0,"257":1,"258":0,"259":0,"260":0,"261":0,"262":0,"263":0,"264":0,"265":0,"266":0,"267":0,"268":1,"269":0,"270":0,"271":0,"272":0,"273":0,"274":0,"275":0,"276":0,"277":0,"278":0,"279":0,"280":0,"281":1,"282":0,"283":0,"284":0,"285":0,"286":0,"287":0,"288":0,"289":0,"290":0,"291":0,"292":0,"293":0,"294":1,"295":0,"296":0,"297":1,"298":0,"299":1,"300":0,"301":0,"302":1,"303":0,"304":0,"305":1,"306":0,"307":0,"308":0,"309":0,"310":0,"311":0,"312":0,"313":0,"314":0,"315":1,"316":0,"317":0,"318":0,"319":0,"320":0,"321":0,"322":0,"323":0,"324":0,"325":0,"326":0,"327":0,"328":0,"329":0,"330":0,"331":0,"332":0,"333":0,"334":0,"335":0,"336":0,"337":0,"338":0,"339":0,"340":1,"341":0,"342":0,"343":0,"344":0,"345":0,"346":0,"347":0,"348":0,"349":0,"350":0,"351":0,"352":0,"353":1,"354":0,"355":0,"356":0,"357":0,"358":0,"359":0,"360":0,"361":0,"362":0,"363":1,"364":0,"365":1,"366":0,"367":0,"368":1,"369":0,"370":0,"371":0,"372":0,"373":0,"374":0,"375":1,"376":0,"377":0,"378":0,"379":0,"380":0,"381":0,"382":1,"383":0,"384":0,"385":1,"386":0,"387":1,"388":0,"389":0,"390":1,"391":0,"392":1,"393":0,"394":0,"395":1,"396":0,"397":1,"398":0,"399":1,"400":0,"401":1,"402":0,"403":1,"404":0,"405":1,"406":0,"407":0,"408":0,"409":0,"410":0,"411":0,"412":0,"413":0,"414":0,"415":0,"416":0,"417":0,"418":0,"419":0,"420":0,"421":0,"422":0,"423":0,"424":0,"425":0,"426":0,"427":0,"428":0,"429":0,"430":0,"431":0,"432":0,"433":1,"434":1,"435":0,"436":0,"437":0,"438":1,"439":0,"440":1,"441":0,"442":0,"443":0,"444":0,"445":1,"446":0,"447":0,"448":0,"449":0,"450":0,"451":0,"452":0,"453":0,"454":0,"455":0,"456":0,"457":0,"458":0,"459":0,"460":0,"461":0,"462":0,"463":0,"464":0,"465":0,"466":0,"467":0,"468":0,"469":0,"470":0,"471":0,"472":0,"473":0,"474":0,"475":0,"476":0,"477":0,"478":0,"479":0,"480":0,"481":0,"482":0,"483":0,"484":0,"485":0,"486":0,"487":0,"488":0,"489":0,"490":0,"491":0,"492":0,"493":0,"494":0,"495":0,"496":0,"497":0,"498":0,"499":0,"500":0,"501":0,"502":0,"503":0,"504":0,"505":0,"506":0,"507":1,"508":0,"509":0,"510":1,"511":0,"512":0,"513":1,"514":0,"515":1,"516":0,"517":0,"518":0,"519":1,"520":0,"521":1,"522":0,"523":1,"524":0,"525":0,"526":1,"527":0,"528":1,"529":0,"530":0,"531":0,"532":0,"533":0,"534":0,"535":0,"536":0,"537":1,"538":0,"539":1,"540":0,"541":1,"542":0,"543":1,"544":0,"545":0,"546":0,"547":0,"548":1,"549":0,"550":1,"551":0,"552":0,"553":1,"554":0,"555":0,"556":1,"557":0,"558":0,"559":0,"560":1,"561":0,"562":1,"563":0,"564":1,"565":0,"566":1,"567":0,"568":0,"569":0,"570":1,"571":0,"572":0,"573":1,"574":0,"575":0,"576":1,"577":0,"578":1,"579":0,"580":0,"581":1,"582":0,"583":0,"584":1,"585":0,"586":0,"587":0,"588":0,"589":0,"590":0,"591":0,"592":0,"593":0,"594":0,"595":0,"596":0,"597":0,"598":0,"599":0,"600":0,"601":0,"602":0,"603":0,"604":0,"605":0,"606":0,"607":0,"608":0,"609":0,"610":0,"611":0,"612":0,"613":0,"614":0,"615":0,"616":0,"617":0,"618":1,"619":0,"620":0,"621":0,"622":0,"623":1,"624":0,"625":0,"626":1,"627":0,"628":1,"629":0,"630":0,"631":1,"632":0,"633":1,"634":0,"635":1,"636":0,"637":0,"638":0,"639":0,"640":0,"641":0,"642":0,"643":0,"644":0,"645":0,"646":0,"647":0,"648":0,"649":0,"650":0,"651":0,"652":0,"653":1,"654":0,"655":0,"656":0,"657":0,"658":0,"659":0,"660":0,"661":0,"662":0,"663":0,"664":0,"665":0,"666":0,"667":1,"668":0,"669":0,"670":1,"671":0,"672":0,"673":1,"674":0,"675":0,"676":0,"677":0,"678":0,"679":1,"680":0,"681":1,"682":0,"683":0,"684":0,"685":0,"686":0,"687":0,"688":0,"689":0,"690":0,"691":0,"692":0,"693":0,"694":0,"695":0,"696":0,"697":0,"698":1,"699":0,"700":1,"701":0,"702":0,"703":0,"704":0,"705":0,"706":0,"707":1,"708":0,"709":1,"710":0,"711":0,"712":0,"713":0,"714":0,"715":1,"716":0,"717":0,"718":0,"719":0,"720":0,"721":0,"722":1,"723":0,"724":1,"725":0,"726":1,"727":0,"728":1,"729":0,"730":0,"731":0,"732":0,"733":0,"734":0,"735":1,"736":0,"737":0,"738":0,"739":1,"740":0,"741":0,"742":0,"743":0,"744":0,"745":0,"746":0,"747":0,"748":1,"749":0,"750":1,"751":0,"752":0,"753":0,"754":0,"755":0,"756":0,"757":0,"758":0,"759":0,"760":0,"761":0,"762":1,"763":0,"764":1,"765":0,"766":1,"767":0,"768":1,"769":0,"770":1,"771":0,"772":0,"773":0,"774":0,"775":0,"776":0,"777":1,"778":0,"779":0,"780":0,"781":0,"782":0,"783":0,"784":0,"785":0,"786":0,"787":1,"788":0,"789":1,"790":0,"791":0,"792":0,"793":0,"794":0,"795":0,"796":0,"797":1,"798":0,"799":0,"800":0,"801":0,"802":0,"803":0,"804":0,"805":0,"806":1,"807":0,"808":0,"809":1,"810":0,"811":0,"812":0,"813":1,"814":0,"815":0,"816":0,"817":0,"818":1,"819":0,"820":0,"821":0,"822":1,"823":0,"824":0,"825":0,"826":0,"827":0,"828":0,"829":0,"830":0,"831":0,"832":0,"833":0,"834":0,"835":0,"836":0,"837":0,"838":0,"839":0,"840":0,"841":0,"842":0,"843":0,"844":0,"845":0,"846":0,"847":0,"848":0,"849":0,"850":0,"851":1,"852":0,"853":0,"854":0,"855":0,"856":0,"857":0,"858":0,"859":0,"860":1,"861":0,"862":0,"863":0,"864":0,"865":0,"866":0,"867":0,"868":0,"869":1,"870":0,"871":0,"872":0,"873":0,"874":0,"875":0,"876":0,"877":0,"878":1,"879":8,"880":0,"881":1,"882":1,"883":1,"884":1,"885":1,"886":1,"887":1,"888":1,"889":1,"890":0,"891":0,"892":0,"893":0,"894":0,"895":0,"896":0,"897":0,"898":0,"899":0,"900":1,"901":0,"902":0,"903":0,"904":1,"905":0,"906":0,"907":0,"908":1,"909":0,"910":0,"911":0,"912":1,"913":0,"914":0,"915":0,"916":0,"917":0,"918":0,"919":0,"920":0,"921":0,"922":0,"923":0,"924":1,"925":0,"926":0,"927":0,"928":0,"929":0,"930":0,"931":0,"932":0,"933":0,"934":0,"935":0,"936":0,"937":0,"938":0,"939":0,"940":1,"941":0,"942":0,"943":0,"944":0,"945":0,"946":0,"947":0,"948":0,"949":0,"950":0,"951":0,"952":0,"953":0,"954":0,"955":0,"956":0,"957":0,"958":0,"959":0,"960":0,"961":0,"962":0,"963":0,"964":0,"965":0,"966":0,"967":0,"968":1,"969":1,"970":1,"971":0,"972":0,"973":0,"974":0,"975":0,"976":1,"977":0,"978":0,"979":0,"980":0,"981":0,"982":1,"983":0,"984":0,"985":1,"986":0,"987":0,"988":0,"989":0,"990":0,"991":0,"992":1,"993":0,"994":1,"995":0,"996":0,"997":0,"998":0,"999":0,"1000":0,"1001":0,"1002":0,"1003":1,"1004":0,"1005":0,"1006":0,"1007":0,"1008":0,"1009":0,"1010":0,"1011":0,"1012":0,"1013":0,"1014":0,"1015":1,"1016":0,"1017":0,"1018":0,"1019":0,"1020":0,"1021":0,"1022":0,"1023":1,"1024":0,"1025":0,"1026":0,"1027":0,"1028":0,"1029":0,"1030":0,"1031":0,"1032":0,"1033":0,"1034":1,"1035":0,"1036":0,"1037":0,"1038":1,"1039":0,"1040":1,"1041":0,"1042":0,"1043":0,"1044":0,"1045":0,"1046":0,"1047":0,"1048":0,"1049":0,"1050":0,"1051":1,"1052":0,"1053":1,"1054":0,"1055":1,"1056":0,"1057":0,"1058":0,"1059":0,"1060":0,"1061":0,"1062":0,"1063":0,"1064":0,"1065":0,"1066":1,"1067":0,"1068":0,"1069":0,"1070":0,"1071":0,"1072":1,"1073":0,"1074":0,"1075":0,"1076":0,"1077":0,"1078":0,"1079":0,"1080":0,"1081":0,"1082":0,"1083":0,"1084":0,"1085":0,"1086":0,"1087":0,"1088":0,"1089":0,"1090":0,"1091":0,"1092":0,"1093":0,"1094":0,"1095":0,"1096":1,"1097":0,"1098":0,"1099":0,"1100":0,"1101":0,"1102":0,"1103":0,"1104":0,"1105":0,"1106":0,"1107":0,"1108":0,"1109":0,"1110":0,"1111":0,"1112":0,"1113":0,"1114":0,"1115":0,"1116":0,"1117":0,"1118":1,"1119":0,"1120":1,"1121":0,"1122":1,"1123":0,"1124":1,"1125":0,"1126":1,"1127":0,"1128":0,"1129":1,"1130":1,"1131":1,"1132":0,"1133":0,"1134":1,"1135":0,"1136":1,"1137":0,"1138":1,"1139":0,"1140":1,"1141":0,"1142":1,"1143":0,"1144":1,"1145":0,"1146":1,"1147":0,"1148":0,"1149":0,"1150":0,"1151":0,"1152":0,"1153":0,"1154":0,"1155":0,"1156":0,"1157":0,"1158":0,"1159":0,"1160":0,"1161":0,"1162":0,"1163":0,"1164":0,"1165":0,"1166":0,"1167":0,"1168":0,"1169":0,"1170":0,"1171":0,"1172":0,"1173":0,"1174":0,"1175":0,"1176":0,"1177":0,"1178":0,"1179":0,"1180":0,"1181":0,"1182":0,"1183":0,"1184":0,"1185":0,"1186":0,"1187":0,"1188":0,"1189":0,"1190":0,"1191":0,"1192":0,"1193":0,"1194":0,"1195":0,"1196":0,"1197":0,"1198":0,"1199":0,"1200":0,"1201":0,"1202":0,"1203":0,"1204":0,"1205":0,"1206":0,"1207":0,"1208":0,"1209":0,"1210":0,"1211":0,"1212":0,"1213":0,"1214":0,"1215":0,"1216":0,"1217":0,"1218":0,"1219":0,"1220":0,"1221":0,"1222":0,"1223":0,"1224":1,"1225":0,"1226":0,"1227":0,"1228":0,"1229":1,"1230":0,"1231":0,"1232":0,"1233":0,"1234":0,"1235":0,"1236":0,"1237":1,"1238":0,"1239":1,"1240":0,"1241":0,"1242":0,"1243":0,"1244":0,"1245":0,"1246":0,"1247":0,"1248":0,"1249":1,"1250":0,"1251":0,"1252":0,"1253":0,"1254":0,"1255":1,"1256":0,"1257":1,"1258":0,"1259":1,"1260":0,"1261":1,"1262":0,"1263":1,"1264":0,"1265":1,"1266":0,"1267":0,"1268":0,"1269":0,"1270":0,"1271":0,"1272":0,"1273":1,"1274":1,"1275":1,"1276":1,"1277":1,"1278":0,"1279":0,"1280":1,"1281":0,"1282":1,"1283":0,"1284":0},"b":{"1":[0,0],"2":[0,0],"3":[0,0],"4":[0,0],"5":[0,0],"6":[0,0],"7":[0,0],"8":[0,0],"9":[0,0],"10":[0,1],"11":[1,0],"12":[0,0],"13":[0,0],"14":[0,0],"15":[0,0],"16":[0,0],"17":[0,0],"18":[0,0],"19":[0,0],"20":[0,0,0],"21":[0,0,0],"22":[0,0],"23":[0,0],"24":[0,0],"25":[0,0],"26":[0,0],"27":[0,0],"28":[0,0],"29":[0,0],"30":[0,0],"31":[0,0],"32":[0,0],"33":[0,0],"34":[0,0],"35":[0,0],"36":[0,0],"37":[0,0],"38":[0,0],"39":[0,0],"40":[0,0],"41":[0,0],"42":[0,0],"43":[0,0],"44":[0,0],"45":[0,0],"46":[0,0],"47":[0,0],"48":[0,0],"49":[0,0],"50":[0,0],"51":[0,0],"52":[0,0],"53":[0,0],"54":[0,0],"55":[0,0],"56":[0,0],"57":[0,0],"58":[0,0],"59":[0,0],"60":[0,0],"61":[0,0,0,0,0,0],"62":[0,0],"63":[0,0],"64":[0,0],"65":[0,0],"66":[0,0],"67":[0,0],"68":[0,0],"69":[0,0],"70":[0,0],"71":[0,0],"72":[0,0],"73":[0,0],"74":[0,0],"75":[0,0],"76":[0,0],"77":[0,0],"78":[0,0],"79":[0,0],"80":[0,0],"81":[0,0],"82":[0,0],"83":[0,0],"84":[0,0],"85":[0,0],"86":[0,0],"87":[0,0],"88":[0,0],"89":[0,0],"90":[0,0],"91":[0,0],"92":[0,0],"93":[0,0],"94":[0,0],"95":[0,0],"96":[0,0],"97":[0,0],"98":[0,0],"99":[0,0],"100":[0,0,0],"101":[0,0],"102":[0,0],"103":[0,0],"104":[0,0],"105":[0,0],"106":[0,0],"107":[0,0],"108":[0,0],"109":[0,0],"110":[0,0],"111":[0,0],"112":[0,0],"113":[0,0],"114":[0,0],"115":[0,0,0,0,0,0],"116":[0,0],"117":[0,0],"118":[0,0],"119":[0,0],"120":[0,0],"121":[0,0],"122":[0,0],"123":[0,0],"124":[0,0],"125":[0,0,0,0,0],"126":[0,0],"127":[0,0],"128":[0,0],"129":[0,0],"130":[0,0],"131":[0,0],"132":[0,0],"133":[0,0],"134":[0,0],"135":[0,0],"136":[0,0],"137":[0,0],"138":[0,0],"139":[0,0],"140":[0,0],"141":[0,0],"142":[0,0,0,0],"143":[0,0],"144":[0,0],"145":[0,0],"146":[0,0],"147":[0,0],"148":[0,0],"149":[0,0],"150":[0,0],"151":[0,0],"152":[0,0],"153":[0,0],"154":[0,0],"155":[0,0],"156":[0,0],"157":[0,0,0],"158":[0,0],"159":[0,0],"160":[0,0],"161":[0,0],"162":[0,0],"163":[0,0],"164":[0,0],"165":[0,0],"166":[0,0],"167":[0,0],"168":[0,0,0],"169":[0,0],"170":[0,0],"171":[0,0],"172":[0,0],"173":[0,0],"174":[0,0],"175":[0,0],"176":[0,0],"177":[0,0],"178":[0,0],"179":[0,0],"180":[0,0],"181":[0,0],"182":[0,0],"183":[0,0],"184":[0,0],"185":[0,0],"186":[0,0],"187":[0,0],"188":[0,0],"189":[0,0],"190":[0,0],"191":[0,0],"192":[0,0],"193":[0,0],"194":[0,0],"195":[0,0],"196":[0,0],"197":[0,0],"198":[0,0],"199":[0,0],"200":[0],"201":[0,0],"202":[0,0],"203":[0,0],"204":[0,0],"205":[0,0],"206":[0,0],"207":[0,0],"208":[0,0],"209":[0,0],"210":[0,0],"211":[0,0],"212":[0,0],"213":[0,0],"214":[0,0],"215":[0,0],"216":[0,0],"217":[0,0],"218":[0,0],"219":[0,0],"220":[0,0,0],"221":[0,0],"222":[0,0],"223":[0,0],"224":[0,0],"225":[0,0],"226":[0,0],"227":[0,0],"228":[0,0],"229":[0,0],"230":[0,0],"231":[0,0],"232":[0,0],"233":[0,0],"234":[0,0],"235":[0,0],"236":[0,0],"237":[0,0],"238":[1,0],"239":[0,0],"240":[0,0],"241":[0,0],"242":[0,0],"243":[0,0],"244":[0,0],"245":[0,0],"246":[0,0],"247":[0,0],"248":[0,0],"249":[0,0],"250":[0,0,0,0,0],"251":[0,0],"252":[0,0],"253":[0,0],"254":[0,0],"255":[0,0],"256":[0,0],"257":[0,0],"258":[0,0],"259":[0,0],"260":[0,0],"261":[0,0],"262":[0,0],"263":[0,0],"264":[0,0],"265":[1,0],"266":[1,0],"267":[1,1],"268":[0,1],"269":[1,0],"270":[0,1],"271":[0,1],"272":[1,0]},"f":{"1":1,"2":0,"3":0,"4":0,"5":0,"6":0,"7":1,"8":0,"9":0,"10":0,"11":0,"12":0,"13":0,"14":0,"15":0,"16":0,"17":0,"18":0,"19":0,"20":0,"21":0,"22":0,"23":0,"24":0,"25":0,"26":0,"27":0,"28":0,"29":0,"30":0,"31":0,"32":0,"33":0,"34":0,"35":0,"36":0,"37":0,"38":0,"39":0,"40":0,"41":0,"42":0,"43":0,"44":0,"45":0,"46":0,"47":0,"48":0,"49":0,"50":0,"51":0,"52":0,"53":0,"54":0,"55":0,"56":0,"57":0,"58":0,"59":0,"60":0,"61":0,"62":0,"63":0,"64":0,"65":0,"66":0,"67":0,"68":0,"69":0,"70":0,"71":0,"72":0,"73":0,"74":0,"75":0,"76":0,"77":0,"78":0,"79":0,"80":0,"81":0,"82":0,"83":0,"84":0,"85":0,"86":0,"87":0,"88":0,"89":0,"90":0,"91":0,"92":0,"93":0,"94":0,"95":0,"96":0,"97":0,"98":0,"99":0,"100":0,"101":0,"102":0,"103":0,"104":0,"105":0,"106":0,"107":0,"108":0,"109":0,"110":0,"111":0,"112":0,"113":0,"114":0,"115":0,"116":0,"117":0,"118":0,"119":0,"120":0,"121":0,"122":0,"123":0,"124":0,"125":0,"126":0,"127":0,"128":0,"129":0,"130":0,"131":0,"132":0,"133":0,"134":0,"135":0,"136":0,"137":0,"138":0,"139":0,"140":0,"141":0,"142":0,"143":0,"144":0,"145":0,"146":0,"147":0,"148":8,"149":0,"150":0,"151":0,"152":0,"153":0,"154":0,"155":0,"156":0,"157":0,"158":0,"159":0,"160":0,"161":0,"162":0,"163":0,"164":0,"165":0,"166":0,"167":0,"168":0,"169":0,"170":0,"171":0,"172":0,"173":0,"174":0,"175":0,"176":0,"177":0,"178":0,"179":0,"180":0,"181":0,"182":0,"183":0,"184":0,"185":0,"186":0,"187":0,"188":0,"189":0,"190":0,"191":0,"192":0,"193":0,"194":0,"195":0,"196":0,"197":0,"198":0,"199":0,"200":0,"201":0},"fnMap":{"1":{"name":"(anonymous_1)","line":6,"loc":{"start":{"line":6,"column":1},"end":{"line":6,"column":13}}},"2":{"name":"Chance","line":20,"loc":{"start":{"line":20,"column":4},"end":{"line":20,"column":27}}},"3":{"name":"(anonymous_3)","line":58,"loc":{"start":{"line":58,"column":22},"end":{"line":58,"column":34}}},"4":{"name":"initOptions","line":68,"loc":{"start":{"line":68,"column":4},"end":{"line":68,"column":44}}},"5":{"name":"testRange","line":82,"loc":{"start":{"line":82,"column":4},"end":{"line":82,"column":43}}},"6":{"name":"(anonymous_6)","line":91,"loc":{"start":{"line":91,"column":17},"end":{"line":91,"column":28}}},"7":{"name":"determineBase64Encoder","line":96,"loc":{"start":{"line":96,"column":5},"end":{"line":96,"column":39}}},"8":{"name":"(anonymous_8)","line":100,"loc":{"start":{"line":100,"column":21},"end":{"line":100,"column":37}}},"9":{"name":"(anonymous_9)","line":116,"loc":{"start":{"line":116,"column":28},"end":{"line":116,"column":47}}},"10":{"name":"(anonymous_10)","line":143,"loc":{"start":{"line":143,"column":33},"end":{"line":143,"column":52}}},"11":{"name":"(anonymous_11)","line":188,"loc":{"start":{"line":188,"column":32},"end":{"line":188,"column":51}}},"12":{"name":"(anonymous_12)","line":232,"loc":{"start":{"line":232,"column":31},"end":{"line":232,"column":50}}},"13":{"name":"(anonymous_13)","line":252,"loc":{"start":{"line":252,"column":31},"end":{"line":252,"column":50}}},"14":{"name":"(anonymous_14)","line":269,"loc":{"start":{"line":269,"column":27},"end":{"line":269,"column":46}}},"15":{"name":"(anonymous_15)","line":286,"loc":{"start":{"line":286,"column":30},"end":{"line":286,"column":49}}},"16":{"name":"(anonymous_16)","line":299,"loc":{"start":{"line":299,"column":34},"end":{"line":299,"column":50}}},"17":{"name":"(anonymous_17)","line":303,"loc":{"start":{"line":303,"column":29},"end":{"line":303,"column":44}}},"18":{"name":"(anonymous_18)","line":321,"loc":{"start":{"line":321,"column":30},"end":{"line":321,"column":57}}},"19":{"name":"(anonymous_19)","line":327,"loc":{"start":{"line":327,"column":25},"end":{"line":327,"column":44}}},"20":{"name":"(anonymous_20)","line":360,"loc":{"start":{"line":360,"column":25},"end":{"line":360,"column":41}}},"21":{"name":"(anonymous_21)","line":382,"loc":{"start":{"line":382,"column":27},"end":{"line":382,"column":57}}},"22":{"name":"(anonymous_22)","line":391,"loc":{"start":{"line":391,"column":28},"end":{"line":391,"column":50}}},"23":{"name":"(anonymous_23)","line":403,"loc":{"start":{"line":403,"column":31},"end":{"line":403,"column":46}}},"24":{"name":"(anonymous_24)","line":411,"loc":{"start":{"line":411,"column":31},"end":{"line":411,"column":53}}},"25":{"name":"(anonymous_25)","line":428,"loc":{"start":{"line":428,"column":31},"end":{"line":428,"column":46}}},"26":{"name":"(anonymous_26)","line":447,"loc":{"start":{"line":447,"column":32},"end":{"line":447,"column":62}}},"27":{"name":"(anonymous_27)","line":508,"loc":{"start":{"line":508,"column":33},"end":{"line":508,"column":52}}},"28":{"name":"(anonymous_28)","line":519,"loc":{"start":{"line":519,"column":32},"end":{"line":519,"column":51}}},"29":{"name":"(anonymous_29)","line":544,"loc":{"start":{"line":544,"column":32},"end":{"line":544,"column":51}}},"30":{"name":"(anonymous_30)","line":578,"loc":{"start":{"line":578,"column":28},"end":{"line":578,"column":47}}},"31":{"name":"(anonymous_31)","line":613,"loc":{"start":{"line":613,"column":27},"end":{"line":613,"column":46}}},"32":{"name":"(anonymous_32)","line":641,"loc":{"start":{"line":641,"column":32},"end":{"line":641,"column":51}}},"33":{"name":"(anonymous_33)","line":665,"loc":{"start":{"line":665,"column":27},"end":{"line":665,"column":46}}},"34":{"name":"(anonymous_34)","line":686,"loc":{"start":{"line":686,"column":28},"end":{"line":686,"column":47}}},"35":{"name":"(anonymous_35)","line":706,"loc":{"start":{"line":706,"column":29},"end":{"line":706,"column":48}}},"36":{"name":"(anonymous_36)","line":711,"loc":{"start":{"line":711,"column":34},"end":{"line":711,"column":46}}},"37":{"name":"(anonymous_37)","line":715,"loc":{"start":{"line":715,"column":30},"end":{"line":715,"column":49}}},"38":{"name":"(anonymous_38)","line":720,"loc":{"start":{"line":720,"column":28},"end":{"line":720,"column":47}}},"39":{"name":"(anonymous_39)","line":725,"loc":{"start":{"line":725,"column":30},"end":{"line":725,"column":40}}},"40":{"name":"(anonymous_40)","line":738,"loc":{"start":{"line":738,"column":27},"end":{"line":738,"column":46}}},"41":{"name":"(anonymous_41)","line":739,"loc":{"start":{"line":739,"column":25},"end":{"line":739,"column":42}}},"42":{"name":"(anonymous_42)","line":748,"loc":{"start":{"line":748,"column":36},"end":{"line":748,"column":61}}},"43":{"name":"(anonymous_43)","line":761,"loc":{"start":{"line":761,"column":23},"end":{"line":761,"column":39}}},"44":{"name":"(anonymous_44)","line":762,"loc":{"start":{"line":762,"column":22},"end":{"line":762,"column":40}}},"45":{"name":"(anonymous_45)","line":794,"loc":{"start":{"line":794,"column":18},"end":{"line":794,"column":30}}},"46":{"name":"(anonymous_46)","line":800,"loc":{"start":{"line":800,"column":21},"end":{"line":800,"column":33}}},"47":{"name":"(anonymous_47)","line":813,"loc":{"start":{"line":813,"column":28},"end":{"line":813,"column":47}}},"48":{"name":"(anonymous_48)","line":841,"loc":{"start":{"line":841,"column":37},"end":{"line":841,"column":55}}},"49":{"name":"(anonymous_49)","line":862,"loc":{"start":{"line":862,"column":30},"end":{"line":862,"column":49}}},"50":{"name":"(anonymous_50)","line":866,"loc":{"start":{"line":866,"column":35},"end":{"line":866,"column":54}}},"51":{"name":"(anonymous_51)","line":873,"loc":{"start":{"line":873,"column":27},"end":{"line":873,"column":37}}},"52":{"name":"(anonymous_52)","line":884,"loc":{"start":{"line":884,"column":27},"end":{"line":884,"column":46}}},"53":{"name":"(anonymous_53)","line":902,"loc":{"start":{"line":902,"column":37},"end":{"line":902,"column":49}}},"54":{"name":"(anonymous_54)","line":923,"loc":{"start":{"line":923,"column":30},"end":{"line":923,"column":49}}},"55":{"name":"(anonymous_55)","line":927,"loc":{"start":{"line":927,"column":35},"end":{"line":927,"column":54}}},"56":{"name":"(anonymous_56)","line":934,"loc":{"start":{"line":934,"column":37},"end":{"line":934,"column":49}}},"57":{"name":"(anonymous_57)","line":939,"loc":{"start":{"line":939,"column":35},"end":{"line":939,"column":47}}},"58":{"name":"(anonymous_58)","line":948,"loc":{"start":{"line":948,"column":34},"end":{"line":948,"column":46}}},"59":{"name":"(anonymous_59)","line":953,"loc":{"start":{"line":953,"column":35},"end":{"line":953,"column":47}}},"60":{"name":"(anonymous_60)","line":958,"loc":{"start":{"line":958,"column":33},"end":{"line":958,"column":45}}},"61":{"name":"(anonymous_61)","line":963,"loc":{"start":{"line":963,"column":32},"end":{"line":963,"column":44}}},"62":{"name":"(anonymous_62)","line":968,"loc":{"start":{"line":968,"column":30},"end":{"line":968,"column":42}}},"63":{"name":"(anonymous_63)","line":975,"loc":{"start":{"line":975,"column":30},"end":{"line":975,"column":49}}},"64":{"name":"(anonymous_64)","line":1095,"loc":{"start":{"line":1095,"column":29},"end":{"line":1095,"column":48}}},"65":{"name":"pad","line":1096,"loc":{"start":{"line":1096,"column":2},"end":{"line":1096,"column":28}}},"66":{"name":"gray","line":1102,"loc":{"start":{"line":1102,"column":8},"end":{"line":1102,"column":40}}},"67":{"name":"rgb","line":1106,"loc":{"start":{"line":1106,"column":8},"end":{"line":1106,"column":31}}},"68":{"name":"hex","line":1113,"loc":{"start":{"line":1113,"column":8},"end":{"line":1113,"column":43}}},"69":{"name":"(anonymous_69)","line":1209,"loc":{"start":{"line":1209,"column":30},"end":{"line":1209,"column":49}}},"70":{"name":"(anonymous_70)","line":1214,"loc":{"start":{"line":1214,"column":29},"end":{"line":1214,"column":48}}},"71":{"name":"(anonymous_71)","line":1219,"loc":{"start":{"line":1219,"column":28},"end":{"line":1219,"column":40}}},"72":{"name":"(anonymous_72)","line":1223,"loc":{"start":{"line":1223,"column":40},"end":{"line":1223,"column":52}}},"73":{"name":"(anonymous_73)","line":1230,"loc":{"start":{"line":1230,"column":31},"end":{"line":1230,"column":43}}},"74":{"name":"(anonymous_74)","line":1234,"loc":{"start":{"line":1234,"column":26},"end":{"line":1234,"column":38}}},"75":{"name":"(anonymous_75)","line":1243,"loc":{"start":{"line":1243,"column":28},"end":{"line":1243,"column":40}}},"76":{"name":"(anonymous_76)","line":1249,"loc":{"start":{"line":1249,"column":29},"end":{"line":1249,"column":41}}},"77":{"name":"(anonymous_77)","line":1253,"loc":{"start":{"line":1253,"column":30},"end":{"line":1253,"column":49}}},"78":{"name":"(anonymous_78)","line":1268,"loc":{"start":{"line":1268,"column":28},"end":{"line":1268,"column":40}}},"79":{"name":"(anonymous_79)","line":1272,"loc":{"start":{"line":1272,"column":27},"end":{"line":1272,"column":39}}},"80":{"name":"(anonymous_80)","line":1276,"loc":{"start":{"line":1276,"column":31},"end":{"line":1276,"column":43}}},"81":{"name":"(anonymous_81)","line":1280,"loc":{"start":{"line":1280,"column":27},"end":{"line":1280,"column":46}}},"82":{"name":"(anonymous_82)","line":1289,"loc":{"start":{"line":1289,"column":28},"end":{"line":1289,"column":39}}},"83":{"name":"(anonymous_83)","line":1297,"loc":{"start":{"line":1297,"column":31},"end":{"line":1297,"column":50}}},"84":{"name":"(anonymous_84)","line":1302,"loc":{"start":{"line":1302,"column":32},"end":{"line":1302,"column":51}}},"85":{"name":"(anonymous_85)","line":1311,"loc":{"start":{"line":1311,"column":32},"end":{"line":1311,"column":51}}},"86":{"name":"(anonymous_86)","line":1321,"loc":{"start":{"line":1321,"column":28},"end":{"line":1321,"column":40}}},"87":{"name":"(anonymous_87)","line":1325,"loc":{"start":{"line":1325,"column":35},"end":{"line":1325,"column":54}}},"88":{"name":"(anonymous_88)","line":1329,"loc":{"start":{"line":1329,"column":33},"end":{"line":1329,"column":45}}},"89":{"name":"(anonymous_89)","line":1333,"loc":{"start":{"line":1333,"column":31},"end":{"line":1333,"column":50}}},"90":{"name":"(anonymous_90)","line":1339,"loc":{"start":{"line":1339,"column":29},"end":{"line":1339,"column":48}}},"91":{"name":"(anonymous_91)","line":1348,"loc":{"start":{"line":1348,"column":31},"end":{"line":1348,"column":50}}},"92":{"name":"(anonymous_92)","line":1353,"loc":{"start":{"line":1353,"column":31},"end":{"line":1353,"column":50}}},"93":{"name":"(anonymous_93)","line":1357,"loc":{"start":{"line":1357,"column":32},"end":{"line":1357,"column":51}}},"94":{"name":"(anonymous_94)","line":1362,"loc":{"start":{"line":1362,"column":33},"end":{"line":1362,"column":52}}},"95":{"name":"(anonymous_95)","line":1367,"loc":{"start":{"line":1367,"column":29},"end":{"line":1367,"column":48}}},"96":{"name":"(anonymous_96)","line":1370,"loc":{"start":{"line":1370,"column":20},"end":{"line":1370,"column":37}}},"97":{"name":"(anonymous_97)","line":1373,"loc":{"start":{"line":1373,"column":39},"end":{"line":1373,"column":51}}},"98":{"name":"(anonymous_98)","line":1468,"loc":{"start":{"line":1468,"column":30},"end":{"line":1468,"column":42}}},"99":{"name":"(anonymous_99)","line":1479,"loc":{"start":{"line":1479,"column":32},"end":{"line":1479,"column":51}}},"100":{"name":"(anonymous_100)","line":1484,"loc":{"start":{"line":1484,"column":30},"end":{"line":1484,"column":49}}},"101":{"name":"(anonymous_101)","line":1488,"loc":{"start":{"line":1488,"column":33},"end":{"line":1488,"column":52}}},"102":{"name":"(anonymous_102)","line":1493,"loc":{"start":{"line":1493,"column":32},"end":{"line":1493,"column":51}}},"103":{"name":"(anonymous_103)","line":1499,"loc":{"start":{"line":1499,"column":29},"end":{"line":1499,"column":48}}},"104":{"name":"(anonymous_104)","line":1505,"loc":{"start":{"line":1505,"column":30},"end":{"line":1505,"column":49}}},"105":{"name":"(anonymous_105)","line":1539,"loc":{"start":{"line":1539,"column":30},"end":{"line":1539,"column":49}}},"106":{"name":"(anonymous_106)","line":1563,"loc":{"start":{"line":1563,"column":37},"end":{"line":1563,"column":56}}},"107":{"name":"(anonymous_107)","line":1568,"loc":{"start":{"line":1568,"column":39},"end":{"line":1568,"column":58}}},"108":{"name":"(anonymous_108)","line":1576,"loc":{"start":{"line":1576,"column":27},"end":{"line":1576,"column":46}}},"109":{"name":"(anonymous_109)","line":1591,"loc":{"start":{"line":1591,"column":28},"end":{"line":1591,"column":40}}},"110":{"name":"(anonymous_110)","line":1595,"loc":{"start":{"line":1595,"column":28},"end":{"line":1595,"column":47}}},"111":{"name":"(anonymous_111)","line":1646,"loc":{"start":{"line":1646,"column":34},"end":{"line":1646,"column":53}}},"112":{"name":"(anonymous_112)","line":1650,"loc":{"start":{"line":1650,"column":28},"end":{"line":1650,"column":47}}},"113":{"name":"(anonymous_113)","line":1664,"loc":{"start":{"line":1664,"column":35},"end":{"line":1664,"column":47}}},"114":{"name":"(anonymous_114)","line":1668,"loc":{"start":{"line":1668,"column":56},"end":{"line":1668,"column":75}}},"115":{"name":"(anonymous_115)","line":1678,"loc":{"start":{"line":1678,"column":29},"end":{"line":1678,"column":48}}},"116":{"name":"(anonymous_116)","line":1689,"loc":{"start":{"line":1689,"column":30},"end":{"line":1689,"column":42}}},"117":{"name":"(anonymous_117)","line":1693,"loc":{"start":{"line":1693,"column":30},"end":{"line":1693,"column":42}}},"118":{"name":"(anonymous_118)","line":1697,"loc":{"start":{"line":1697,"column":33},"end":{"line":1697,"column":45}}},"119":{"name":"(anonymous_119)","line":1701,"loc":{"start":{"line":1701,"column":31},"end":{"line":1701,"column":50}}},"120":{"name":"(anonymous_120)","line":1711,"loc":{"start":{"line":1711,"column":28},"end":{"line":1711,"column":47}}},"121":{"name":"(anonymous_121)","line":1725,"loc":{"start":{"line":1725,"column":26},"end":{"line":1725,"column":45}}},"122":{"name":"(anonymous_122)","line":1746,"loc":{"start":{"line":1746,"column":32},"end":{"line":1746,"column":44}}},"123":{"name":"(anonymous_123)","line":1751,"loc":{"start":{"line":1751,"column":31},"end":{"line":1751,"column":50}}},"124":{"name":"(anonymous_124)","line":1775,"loc":{"start":{"line":1775,"column":38},"end":{"line":1775,"column":50}}},"125":{"name":"(anonymous_125)","line":1780,"loc":{"start":{"line":1780,"column":32},"end":{"line":1780,"column":44}}},"126":{"name":"(anonymous_126)","line":1785,"loc":{"start":{"line":1785,"column":33},"end":{"line":1785,"column":45}}},"127":{"name":"(anonymous_127)","line":1790,"loc":{"start":{"line":1790,"column":32},"end":{"line":1790,"column":44}}},"128":{"name":"(anonymous_128)","line":1795,"loc":{"start":{"line":1795,"column":37},"end":{"line":1795,"column":63}}},"129":{"name":"(anonymous_129)","line":1797,"loc":{"start":{"line":1797,"column":24},"end":{"line":1797,"column":43}}},"130":{"name":"(anonymous_130)","line":1799,"loc":{"start":{"line":1799,"column":34},"end":{"line":1799,"column":54}}},"131":{"name":"(anonymous_131)","line":1813,"loc":{"start":{"line":1813,"column":30},"end":{"line":1813,"column":49}}},"132":{"name":"(anonymous_132)","line":1833,"loc":{"start":{"line":1833,"column":28},"end":{"line":1833,"column":47}}},"133":{"name":"(anonymous_133)","line":1837,"loc":{"start":{"line":1837,"column":27},"end":{"line":1837,"column":46}}},"134":{"name":"(anonymous_134)","line":1854,"loc":{"start":{"line":1854,"column":33},"end":{"line":1854,"column":52}}},"135":{"name":"(anonymous_135)","line":1872,"loc":{"start":{"line":1872,"column":32}
[...]
13":1,"14":1,"17":1,"20":1,"21":0,"22":0,"26":0,"27":0,"28":0,"31":0,"33":0,"38":0,"39":0,"40":0,"41":0,"43":0,"44":0,"45":0,"47":0,"50":0,"52":0,"56":0,"57":0,"58":0,"59":0,"62":0,"65":1,"68":1,"69":0,"71":0,"72":0,"73":0,"74":0,"79":0,"82":1,"83":0,"84":0,"91":1,"92":0,"96":1,"97":1,"98":0,"99":1,"100":1,"101":0,"116":1,"118":0,"127":0,"132":0,"143":1,"144":0,"145":0,"150":0,"153":0,"154":0,"155":0,"156":0,"158":0,"161":0,"162":0,"163":0,"164":0,"165":0,"166":0,"168":0,"171":0,"188":1,"189":0,"190":0,"195":0,"196":0,"198":0,"199":0,"201":0,"205":0,"210":0,"215":0,"216":0,"218":0,"232":1,"235":0,"236":0,"238":0,"252":1,"253":0,"254":0,"255":0,"269":1,"270":0,"271":0,"272":0,"273":0,"274":0,"276":0,"286":1,"287":0,"288":0,"289":0,"292":0,"299":1,"300":0,"303":1,"304":0,"305":0,"307":0,"321":1,"322":0,"327":0,"329":0,"330":0,"333":0,"335":0,"336":0,"337":0,"338":0,"339":0,"341":0,"344":0,"345":0,"348":0,"360":1,"361":0,"366":0,"367":0,"369":0,"372":0,"374":0,"375":0,"378":0,"382":1,"384":0,"386":0,"387":0,"391":1,"392":0,"393":0,"395":0,"396":0,"398":0,"403":1,"404":0,"405":0,"407":0,"411":1,"412":0,"413":0,"415":0,"416":0,"418":0,"419":0,"421":0,"422":0,"424":0,"428":1,"429":0,"434":0,"436":0,"438":0,"440":0,"443":0,"447":1,"448":0,"449":0,"453":0,"454":0,"455":0,"456":0,"457":0,"458":0,"461":0,"462":0,"466":0,"467":0,"471":0,"474":0,"475":0,"476":0,"477":0,"478":0,"479":0,"480":0,"481":0,"482":0,"483":0,"485":0,"489":0,"490":0,"494":0,"495":0,"496":0,"497":0,"498":0,"501":0,"508":1,"509":0,"511":0,"514":0,"519":1,"520":0,"522":0,"526":0,"529":0,"532":0,"533":0,"537":0,"538":0,"541":0,"544":1,"545":0,"547":0,"556":0,"557":0,"559":0,"560":0,"562":0,"565":0,"568":0,"571":0,"572":0,"575":0,"578":1,"579":0,"581":0,"586":0,"589":0,"591":0,"592":0,"594":0,"597":0,"598":0,"602":0,"603":0,"606":0,"613":1,"614":0,"615":0,"617":0,"619":0,"620":0,"622":0,"623":0,"625":0,"626":0,"628":0,"629":0,"631":0,"632":0,"634":0,"635":0,"638":0,"641":1,"642":0,"643":0,"645":0,"646":0,"647":0,"648":0,"649":0,"651":0,"656":0,"661":0,"665":1,"666":0,"670":0,"671":0,"672":0,"673":0,"674":0,"676":0,"677":0,"678":0,"679":0,"681":0,"682":0,"686":1,"687":0,"691":0,"692":0,"693":0,"694":0,"695":0,"697":0,"698":0,"699":0,"700":0,"702":0,"703":0,"706":1,"707":0,"708":0,"711":1,"712":0,"715":1,"716":0,"717":0,"720":1,"721":0,"722":0,"725":1,"726":0,"727":0,"728":0,"729":0,"730":0,"731":0,"732":0,"734":0,"735":0,"738":1,"739":0,"740":0,"744":0,"745":0,"748":0,"749":0,"751":0,"752":0,"754":0,"756":0,"757":0,"759":0,"761":0,"762":0,"763":0,"765":0,"782":0,"788":0,"790":0,"795":0,"796":0,"801":0,"802":0,"810":0,"813":1,"814":0,"816":0,"820":0,"821":0,"822":0,"823":0,"825":0,"828":0,"829":0,"832":0,"833":0,"836":0,"841":1,"842":0,"843":0,"845":0,"849":0,"850":0,"853":0,"854":0,"855":0,"858":0,"862":1,"863":0,"866":1,"867":0,"868":0,"873":1,"875":0,"876":0,"877":0,"878":0,"879":0,"880":0,"884":1,"885":0,"886":0,"890":0,"891":0,"895":0,"897":0,"902":1,"903":0,"919":0,"923":1,"924":0,"927":1,"928":0,"929":0,"934":1,"935":0,"939":1,"940":0,"941":0,"948":1,"949":0,"953":1,"954":0,"958":1,"959":0,"963":1,"964":0,"968":1,"969":0,"975":1,"976":0,"977":0,"978":0,"982":0,"988":0,"997":0,"1003":0,"1012":0,"1014":0,"1015":0,"1017":0,"1018":0,"1019":0,"1021":0,"1022":0,"1024":0,"1025":0,"1028":0,"1030":0,"1032":0,"1036":0,"1037":0,"1038":0,"1039":0,"1040":0,"1042":0,"1053":0,"1095":1,"1096":1,"1097":0,"1098":0,"1099":0,"1102":1,"1103":0,"1106":1,"1107":0,"1108":0,"1109":0,"1110":0,"1113":1,"1114":0,"1115":0,"1117":0,"1118":0,"1119":0,"1120":0,"1121":0,"1125":0,"1126":0,"1128":0,"1129":0,"1132":0,"1136":0,"1139":0,"1155":0,"1156":0,"1157":0,"1158":0,"1159":0,"1160":0,"1161":0,"1162":0,"1163":0,"1164":0,"1165":0,"1166":0,"1167":0,"1168":0,"1169":0,"1170":0,"1171":0,"1172":0,"1173":0,"1174":0,"1175":0,"1176":0,"1178":0,"1180":0,"1181":0,"1183":0,"1184":0,"1186":0,"1187":0,"1189":0,"1190":0,"1192":0,"1193":0,"1195":0,"1196":0,"1199":0,"1202":0,"1203":0,"1206":0,"1209":1,"1210":0,"1211":0,"1214":1,"1215":0,"1216":0,"1219":1,"1220":0,"1223":1,"1224":0,"1225":0,"1227":0,"1230":1,"1231":0,"1234":1,"1237":0,"1243":1,"1244":0,"1246":0,"1249":1,"1250":0,"1253":1,"1254":0,"1256":0,"1257":0,"1258":0,"1261":0,"1262":0,"1263":0,"1265":0,"1268":1,"1269":0,"1272":1,"1273":0,"1276":1,"1277":0,"1280":1,"1281":0,"1283":0,"1284":0,"1286":0,"1289":1,"1290":0,"1297":1,"1298":0,"1299":0,"1302":1,"1303":0,"1304":0,"1311":1,"1312":0,"1314":0,"1318":0,"1321":1,"1322":0,"1325":1,"1326":0,"1329":1,"1330":0,"1333":1,"1334":0,"1335":0,"1336":0,"1339":1,"1340":0,"1341":0,"1348":1,"1349":0,"1350":0,"1353":1,"1354":0,"1357":1,"1358":0,"1359":0,"1362":1,"1363":0,"1364":0,"1367":1,"1368":0,"1371":0,"1373":0,"1374":0,"1376":0,"1378":0,"1383":0,"1384":0,"1386":0,"1387":0,"1389":0,"1390":0,"1399":0,"1401":0,"1402":0,"1404":0,"1406":0,"1407":0,"1424":0,"1426":0,"1430":0,"1432":0,"1434":0,"1435":0,"1442":0,"1444":0,"1452":0,"1455":0,"1458":0,"1459":0,"1462":0,"1463":0,"1465":0,"1468":1,"1470":0,"1472":0,"1474":0,"1476":0,"1479":1,"1480":0,"1481":0,"1484":1,"1485":0,"1488":1,"1489":0,"1490":0,"1493":1,"1494":0,"1499":1,"1500":0,"1505":1,"1506":0,"1508":0,"1510":0,"1512":0,"1516":0,"1518":0,"1519":0,"1521":0,"1522":0,"1524":0,"1525":0,"1527":0,"1529":0,"1530":0,"1532":0,"1533":0,"1536":0,"1539":1,"1540":0,"1541":0,"1543":0,"1545":0,"1546":0,"1547":0,"1548":0,"1551":0,"1553":0,"1554":0,"1555":0,"1558":0,"1560":0,"1563":1,"1564":0,"1565":0,"1568":1,"1569":0,"1571":0,"1576":1,"1577":0,"1579":0,"1580":0,"1581":0,"1584":0,"1591":1,"1592":0,"1595":1,"1596":0,"1599":0,"1600":0,"1604":0,"1606":0,"1608":0,"1610":0,"1611":0,"1613":0,"1615":0,"1618":0,"1632":0,"1635":0,"1638":0,"1640":0,"1643":0,"1646":1,"1647":0,"1650":1,"1651":0,"1656":0,"1657":0,"1658":0,"1659":0,"1661":0,"1664":1,"1665":0,"1668":1,"1669":0,"1671":0,"1672":0,"1673":0,"1675":0,"1678":1,"1679":0,"1681":0,"1682":0,"1683":0,"1685":0,"1686":0,"1689":1,"1690":0,"1693":1,"1694":0,"1697":1,"1698":0,"1701":1,"1702":0,"1703":0,"1704":0,"1705":0,"1706":0,"1708":0,"1711":1,"1713":0,"1716":0,"1718":0,"1725":1,"1726":0,"1728":0,"1730":0,"1734":0,"1735":0,"1738":0,"1741":0,"1743":0,"1746":1,"1748":0,"1751":1,"1752":0,"1753":0,"1756":0,"1757":0,"1759":0,"1760":0,"1761":0,"1764":0,"1765":0,"1768":0,"1771":0,"1775":1,"1776":0,"1780":1,"1781":0,"1785":1,"1786":0,"1790":1,"1791":0,"1795":1,"1796":0,"1799":0,"1801":0,"1806":0,"1807":0,"1809":0,"1813":1,"1815":0,"1817":0,"1820":0,"1821":0,"1822":0,"1823":0,"1826":0,"1827":0,"1829":0,"1833":1,"1834":0,"1837":1,"1838":0,"1839":0,"1841":0,"1845":0,"1846":0,"1848":0,"1851":0,"1854":1,"1855":0,"1856":0,"1860":0,"1861":0,"1862":0,"1863":0,"1866":0,"1869":0,"1872":1,"1873":0,"1876":0,"1879":1,"1880":0,"1881":0,"1883":0,"1891":1,"1892":0,"1893":0,"1894":0,"1899":0,"1906":1,"1907":0,"1909":0,"1910":0,"1927":1,"1928":0,"1929":0,"1936":0,"1939":0,"1940":0,"1943":0,"1944":0,"1946":0,"1947":0,"1948":0,"1950":0,"1953":0,"1954":0,"1955":0,"1956":0,"1959":0,"1962":0,"1965":0,"1967":0,"1972":0,"1979":0,"1980":0,"1981":0,"1984":0,"1987":0,"1990":0,"1991":0,"1993":0,"1996":1,"1997":0,"1998":0,"1999":0,"2000":0,"2003":0,"2004":0,"2005":0,"2008":0,"2011":1,"2012":0,"2013":0,"2014":0,"2015":0,"2018":0,"2019":0,"2020":0,"2023":0,"2026":1,"2027":0,"2028":0,"2029":0,"2030":0,"2033":0,"2034":0,"2035":0,"2038":0,"2046":1,"2047":8,"2048":0,"2051":1,"2052":1,"2053":1,"2054":1,"2055":1,"2056":1,"2057":1,"2058":1,"2060":1,"2061":0,"2062":0,"2063":0,"2065":0,"2068":0,"2069":0,"2071":0,"2072":0,"2074":0,"2079":1,"2080":0,"2082":0,"2093":0,"2097":1,"2098":0,"2099":0,"2100":0,"2103":1,"2104":0,"2105":0,"2106":0,"2109":1,"2110":0,"2111":0,"2112":0,"2114":0,"2115":0,"2116":0,"2117":0,"2118":0,"2119":0,"2122":0,"2124":0,"2128":1,"2129":0,"2131":0,"2132":0,"2133":0,"2135":0,"2136":0,"2137":0,"2139":0,"2140":0,"2142":0,"2143":0,"2146":0,"2148":0,"2149":0,"2152":0,"2216":1,"2218":0,"2219":0,"2220":0,"2221":0,"2222":0,"2225":0,"2228":0,"2230":0,"2231":0,"2235":0,"2237":0,"2239":0,"2240":0,"2242":0,"2244":0,"2245":0,"2247":0,"2248":0,"2251":0,"2255":0,"2257":0,"2258":0,"2260":0,"2261":0,"2264":0,"2268":0,"2269":0,"2272":1,"4947":1,"4948":1,"4949":0,"4950":0,"4951":0,"4952":0,"4956":0,"4959":1,"4960":0,"4961":0,"4963":0,"4964":0,"4965":0,"4969":1,"4970":0,"4971":0,"4975":1,"4976":0,"4977":0,"4979":0,"4980":0,"4982":0,"4985":0,"4989":1,"4990":0,"4994":1,"4999":0,"5000":0,"5001":0,"5004":0,"5006":0,"5007":0,"5009":0,"5012":0,"5015":1,"5016":0,"5018":0,"5025":0,"5026":0,"5030":0,"5034":0,"5036":0,"5037":0,"5039":0,"5043":0,"5046":0,"5049":1,"5050":0,"5051":0,"5052":0,"5053":0,"5054":0,"5056":0,"5060":0,"5063":1,"5065":0,"5066":0,"5067":0,"5070":0,"5071":0,"5074":0,"5075":0,"5077":0,"5078":0,"5081":0,"5087":1,"5088":0,"5089":0,"5091":0,"5095":1,"5096":0,"5100":1,"5101":0,"5102":0,"5103":0,"5104":0,"5105":0,"5107":0,"5108":0,"5109":0,"5110":0,"5112":0,"5117":1,"5118":0,"5121":1,"5122":0,"5126":1,"5127":0,"5129":0,"5132":0,"5133":0,"5134":0,"5135":0,"5136":0,"5138":0,"5139":0,"5141":0,"5145":1,"5146":0,"5147":0,"5148":0,"5149":0,"5154":0,"5163":1,"5164":0,"5165":0,"5166":0,"5167":0,"5168":0,"5169":0,"5170":0,"5171":0,"5172":0,"5173":0,"5174":0,"5176":0,"5177":0,"5178":0,"5179":0,"5180":0,"5181":0,"5184":0,"5188":1,"5189":0,"5190":0,"5193":0,"5194":0,"5196":0,"5197":0,"5199":0,"5200":0,"5201":0,"5203":0,"5204":0,"5205":0,"5207":0,"5208":0,"5210":0,"5213":0,"5216":0,"5217":0,"5218":0,"5219":0,"5221":0,"5225":1,"5226":0,"5230":1,"5231":0,"5236":1,"5237":0,"5242":1,"5243":0,"5248":1,"5249":0,"5250":0,"5254":1,"5256":1,"5262":1,"5263":0,"5265":0,"5271":1,"5272":0,"5278":1,"5279":0,"5281":1,"5282":0,"5284":1,"5285":0,"5287":1,"5288":0,"5290":1,"5291":0,"5297":1,"5299":0,"5300":0,"5302":0,"5308":0,"5309":0,"5310":0,"5311":0,"5312":0,"5314":0,"5315":0,"5316":0,"5317":0,"5318":0,"5319":0,"5320":0,"5321":0,"5322":0,"5323":0,"5324":0,"5325":0,"5326":0,"5327":0,"5328":0,"5329":0,"5331":0,"5332":0,"5333":0,"5334":0,"5335":0,"5336":0,"5337":0,"5338":0,"5339":0,"5340":0,"5341":0,"5342":0,"5343":0,"5344":0,"5345":0,"5346":0,"5348":0,"5349":0,"5350":0,"5351":0,"5352":0,"5353":0,"5354":0,"5355":0,"5356":0,"5357":0,"5358":0,"5359":0,"5360":0,"5361":0,"5362":0,"5363":0,"5365":0,"5366":0,"5367":0,"5368":0,"5369":0,"5370":0,"5371":0,"5372":0,"5373":0,"5374":0,"5375":0,"5376":0,"5377":0,"5378":0,"5379":0,"5380":0,"5382":0,"5383":0,"5384":0,"5385":0,"5387":0,"5393":1,"5394":0,"5396":0,"5397":0,"5399":0,"5406":1,"5407":0,"5409":0,"5410":0,"5411":0,"5413":0,"5414":0,"5416":0,"5422":1,"5423":0,"5429":1,"5430":0,"5435":0,"5436":0,"5437":0,"5439":0,"5440":0,"5441":0,"5443":0,"5444":0,"5450":1,"5451":0,"5455":0,"5456":0,"5457":0,"5460":0,"5466":1,"5467":0,"5473":1,"5474":0,"5476":1,"5477":0,"5479":1,"5480":0,"5482":1,"5483":0,"5486":1,"5487":0,"5488":0,"5489":0,"5492":0,"5495":0,"5496":0,"5499":0,"5503":1,"5504":1,"5505":1,"5507":1,"5511":1,"5512":0,"5513":0,"5518":1,"5519":0,"5524":1,"5525":0,"5526":0}},"/home/travis/build/npmtest/node-npmtest-chance/node_modules/chance/Gruntfile.js":{"path":"/home/travis/build/npmtest/node-npmtest-chance/node_modules/chance/Gruntfile.js","s":{"1":1,"2":0,"3":0,"4":0,"5":0,"6":0,"7":0,"8":0,"9":0,"10":0,"11":0},"b":{},"f":{"1":0},"fnMap":{"1":{"name":"(anonymous_1)","line":1,"loc":{"start":{"line":1,"column":17},"end":{"line":1,"column":34}}}},"statementMap":{"1":{"start":{"line":1,"column":0},"end":{"line":94,"column":2}},"2":{"start":{"line":2,"column":4},"end":{"line":2,"column":62}},"3":{"start":{"line":4,"column":4},"end":{"line":83,"column":7}},"4":{"start":{"line":85,"column":4},"end":{"line":85,"column":47}},"5":{"start":{"line":86,"column":4},"end":{"line":86,"column":47}},"6":{"start":{"line":87,"column":4},"end":{"line":87,"column":46}},"7":{"start":{"line":88,"column":4},"end":{"line":88,"column":40}},"8":{"start":{"line":89,"column":4},"end":{"line":89,"column":38}},"9":{"start":{"line":91,"column":4},"end":{"line":91,"column":45}},"10":{"start":{"line":92,"column":4},"end":{"line":92,"column":53}},"11":{"start":{"line":93,"column":4},"end":{"line":93,"column":66}}},"branchMap":{},"code":["module.exports = function (grunt) {","    var js_files = ['Gruntfile.js', 'chance.js', 'test/*.js'];","","    grunt.initConfig({","        'js-test': {","            options: {","                coverage: true,","                coverageTool: 'istanbul',","                coverageFormat: 'lcov',","                identifier: 'chance-coverage',","                reporter: 'Spec',","                pattern: 'test/*.js'","            },","            watch: {","                options: {","                    coverage: false,","                    reporter: \"Dot\",","                    pattern: 'test/*.js',","                    root: '.'","                }","            }","        },","        jshint: {","            options: {","                // Enforcing","                curly: true,","                eqeqeq: true,","                immed: true,","                indent: 4,","                latedef: true,","                newcap: true,","                noarg: true,","                undef: true,","                unused: true,","","                // Relaxing","                boss: true,","                eqnull: true,","                expr: true,","                sub: true,","","                // Environments","                browser: true,","                mocha: true,","                node: true,","","                // Custom Globals","                globals: {","                    _: true,","                    chai: true,","                    chance: true,","                    Chance: true,","                    define: false,","                    mocha: true,","                    mochaPhantomJS: false,","                    phoneNumber: true,","                    unescape: true","                }","            },","            all: js_files","        },","        shell: {","            target: {","                command: 'cat coverage/chance-coverage/lcov.info | ./node_modules/coveralls/bin/coveralls.js && rm -rf ./coverage'","            }","        },","        uglify: {","            dist: {","                options: {","                  sourceMap: true,","                  sourceMapName: 'dist/chance.min.js.map'","                },","                files: {","                    'dist/chance.min.js': ['chance.js']","                }","            }","        },","        watch: {","            options: { livereload: true },","            files: js_files,","            tasks: ['jshint', 'js-test:watch', 'uglify']","        }","    });","","    grunt.loadNpmTasks('grunt-contrib-jshint');","    grunt.loadNpmTasks('grunt-contrib-uglify');","    grunt.loadNpmTasks('grunt-contrib-watch');","    grunt.loadNpmTasks('grunt-js-test');","    grunt.loadNpmTasks('grunt-shell');","","    grunt.registerTask('default', ['watch']);","    grunt.registerTask('test', ['js-test', 'shell']);","    grunt.registerTask('test-ci', ['jshint', 'js-test', 'shell']);","};",""],"l":{"1":1,"2":0,"4":0,"85":0,"86":0,"87":0,"88":0,"89":0,"91":0,"92":0,"93":0}},"/home/travis/build/npmtest/node-npmtest-chance/node_modules/chance/util/yob-to-json.js":{"path":"/home/travis/build/npmtest/node-npmtest-chance/node_modules/chance/util/yob-to-json.js","s":{"1":2,"2":0,"3":0,"4":0,"5":0,"6":0,"7":0,"8":0,"9":0,"10":0,"11":0,"12":0,"13":0,"14":0,"15":0,"16":0,"17":0,"18":0,"19":0,"20":0,"21":0,"22":0,"23":0,"24":0,"25":0},"b":{"1":[0,0],"2":[0,0],"3":[0,0],"4":[0,0],"5":[0,0],"6":[0,0],"7":[0,0]},"f":{"1":0,"2":0},"fnMap":{"1":{"name":"parseLine","line":20,"loc":{"start":{"line":20,"column":21},"end":{"line":20,"column":46}}},"2":{"name":"parsingComplete","line":42,"loc":{"start":{"line":42,"column":20},"end":{"line":42,"column":47}}}},"statementMap":{"1":{"start":{"line":1,"column":0},"end":{"line":1,"column":47}},"2":{"start":{"line":3,"column":0},"end":{"line":3,"column":33}},"3":{"start":{"line":4,"column":0},"end":{"line":6,"column":1}},"4":{"start":{"line":5,"column":4},"end":{"line":5,"column":47}},"5":{"start":{"line":8,"column":0},"end":{"line":8,"column":23}},"6":{"start":{"line":9,"column":0},"end":{"line":9,"column":39}},"7":{"start":{"line":10,"column":0},"end":{"line":10,"column":47}},"8":{"start":{"line":12,"column":0},"end":{"line":17,"column":2}},"9":{"start":{"line":19,"column":0},"end":{"line":19,"column":44}},"10":{"start":{"line":20,"column":0},"end":{"line":41,"column":3}},"11":{"start":{"line":21,"column":4},"end":{"line":21,"column":35}},"12":{"start":{"line":22,"column":4},"end":{"line":24,"column":5}},"13":{"start":{"line":23,"column":8},"end":{"line":23,"column":15}},"14":{"start":{"line":26,"column":4},"end":{"line":26,"column":27}},"15":{"start":{"line":27,"column":4},"end":{"line":27,"column":29}},"16":{"start":{"line":28,"column":4},"end":{"line":28,"column":28}},"17":{"start":{"line":30,"column":4},"end":{"line":32,"column":5}},"18":{"start":{"line":31,"column":8},"end":{"line":31,"column":15}},"19":{"start":{"line":34,"column":4},"end":{"line":40,"column":5}},"20":{"start":{"line":35,"column":8},"end":{"line":35,"column":42}},"21":{"start":{"line":36,"column":11},"end":{"line":40,"column":5}},"22":{"start":{"line":37,"column":8},"end":{"line":37,"column":44}},"23":{"start":{"line":39,"column":8},"end":{"line":39,"column":91}},"24":{"start":{"line":42,"column":0},"end":{"line":44,"column":3}},"25":{"start":{"line":43,"column":4},"end":{"line":43,"column":49}}},"branchMap":{"1":{"line":4,"type":"if","locations":[{"start":{"line":4,"column":0},"end":{"line":4,"column":0}},{"start":{"line":4,"column":0},"end":{"line":4,"column":0}}]},"2":{"line":4,"type":"binary-expr","locations":[{"start":{"line":4,"column":3},"end":{"line":4,"column":8}},{"start":{"line":4,"column":12},"end":{"line":4,"column":24}}]},"3":{"line":9,"type":"binary-expr","locations":[{"start":{"line":9,"column":16},"end":{"line":9,"column":33}},{"start":{"line":9,"column":37},"end":{"line":9,"column":38}}]},"4":{"line":22,"type":"if","locations":[{"start":{"line":22,"column":4},"end":{"line":22,"column":4}},{"start":{"line":22,"column":4},"end":{"line":22,"column":4}}]},"5":{"line":30,"type":"if","locations":[{"start":{"line":30,"column":4},"end":{"line":30,"column":4}},{"start":{"line":30,"column":4},"end":{"line":30,"column":4}}]},"6":{"line":34,"type":"if","locations":[{"start":{"line":34,"column":4},"end":{"line":34,"column":4}},{"start":{"line":34,"column":4},"end":{"line":34,"column":4}}]},"7":{"line":36,"type":"if","locations":[{"start":{"line":36,"column":11},"end":{"line":36,"column":11}},{"start":{"line":36,"column":11},"end":{"line":36,"column":11}}]}},"code":["var LineByLineReader = require(\"line-by-line\");","","var args = process.argv.slice(2);","if(!args || !args.length) {","    process.stderr.write(\"Missing filename\\n\");","}","","var filename = args[0];","var threshold = parseInt(args[1]) || 0;","var inputFile = new LineByLineReader(filename);","","var result = {","    firstNames: {","        male: [],","        female: []","    }","};","","inputFile.on(\"error\", process.stderr.write);","inputFile.on(\"line\", function parseLine(line) {","    var elements = line.split(\",\");","    if(elements.length < 3) {","        return;","    }","","    var name = elements[0];","    var gender = elements[1];","    var count = elements[2];","","    if(count < threshold) {","        return;","    }","","    if(\"M\" == gender) {","        result.firstNames.male.push(name);","    } else if(\"F\" == gender) {","        result.firstNames.female.push(name);","    } else {","        process.stderr.write(\"Invalid gender '\" + gender + \"' for name '\" + name + \"'!\\n\");","    }","});","inputFile.on(\"end\", function parsingComplete() {","    process.stdout.write(JSON.stringify(result));","});",""],"l":{"1":2,"3":0,"4":0,"5":0,"8":0,"9":0,"10":0,"12":0,"19":0,"20":0,"21":0,"22":0,"23":0,"26":0,"27":0,"28":0,"30":0,"31":0,"34":0,"35":0,"36":0,"37":0,"39":0,"42":0,"43":0}}}